<!DOCTYPE html PUBLIC "-//W3C//DTD XHTML 1.1//EN" "https://www.w3.org/TR/xhtml11/DTD/xhtml11.dtd">
<html xmlns="https://www.w3.org/1999/xhtml">
<head>
<meta http-equiv="content-type" content="text/html; charset=UTF-8"/>
<title>TestNG Report</title>
<style type="text/css">table {margin-bottom:10px;border-collapse:collapse;empty-cells:show}th,td {border:1px solid #009;padding:.25em .5em}th {vertical-align:bottom}td {vertical-align:top}table a {font-weight:bold}.stripe td {background-color: #E6EBF9}.num {text-align:right}.passedodd td {background-color: #3F3}.passedeven td {background-color: #0A0}.skippedodd td {background-color: #DDD}.skippedeven td {background-color: #CCC}.failedodd td,.attn {background-color: #F33}.failedeven td,.stripe .attn {background-color: #D00}.stacktrace {white-space:pre;font-family:monospace}.totop {font-size:85%;text-align:center;border-bottom:2px solid #000}.invisible {display:none}</style>
</head>
<body>
<table>
<tr><th>Test</th><th># Passed</th><th># Skipped</th><th># Retried</th><th># Failed</th><th>Time (ms)</th><th>Included Groups</th><th>Excluded Groups</th></tr>
<tr><th colspan="8">Suite</th></tr>
<tr><td><a href="#t0">Test</a></td><td class="num">22</td><td class="num">0</td><td class="num">0</td><td class="num attn">5</td><td class="num">405,203</td><td></td><td></td></tr>
</table>
<table id='summary'><thead><tr><th>Class</th><th>Method</th><th>Start</th><th>Time (ms)</th></tr></thead><tbody><tr><th colspan="4">Suite</th></tr></tbody><tbody id="t0"><tr><th colspan="4">Test &#8212; failed</th></tr><tr class="failedeven"><td rowspan="1">tests.TC_003ValidateValidLoginData</td><td><a href="#m0">ValidateLogin</a></td><td rowspan="1">1745905280974</td><td rowspan="1">622</td></tr><tr class="failedodd"><td rowspan="3">tests.TC_006SelectHotelstest</td><td><a href="#m1">BookingHotelsTest</a></td><td rowspan="3">1745905296554</td><td rowspan="3">1300</td></tr><tr class="failedodd"><td><a href="#m2">BookingHotelsTest</a></td></tr><tr class="failedodd"><td><a href="#m3">BookingHotelsTest</a></td></tr><tr class="failedeven"><td rowspan="1">tests.TC_010BookedItinerarytest</td><td><a href="#m4">BookedItineraryTest</a></td><td rowspan="1">1745905389425</td><td rowspan="1">69517</td></tr><tr><th colspan="4">Test &#8212; passed</th></tr><tr class="passedeven"><td rowspan="1">tests.TC_001RegisterTest</td><td><a href="#m5">ValidRegisterTest</a></td><td rowspan="1">1745905059142</td><td rowspan="1">55104</td></tr><tr class="passedodd"><td rowspan="5">tests.TC_002InvalidRegisterData</td><td><a href="#m6">ValidRegisterTest</a></td><td rowspan="5">1745905149276</td><td rowspan="5">31049</td></tr><tr class="passedodd"><td><a href="#m7">ValidRegisterTest</a></td></tr><tr class="passedodd"><td><a href="#m8">ValidRegisterTest</a></td></tr><tr class="passedodd"><td><a href="#m9">ValidRegisterTest</a></td></tr><tr class="passedodd"><td><a href="#m10">ValidRegisterTest</a></td></tr><tr class="passedeven"><td rowspan="4">tests.TC_004ValidateInvalidLoginData</td><td><a href="#m11">ValidateInvalidLogin</a></td><td rowspan="4">1745905285584</td><td rowspan="4">144</td></tr><tr class="passedeven"><td><a href="#m12">ValidateInvalidLogin</a></td></tr><tr class="passedeven"><td><a href="#m13">ValidateInvalidLogin</a></td></tr><tr class="passedeven"><td><a href="#m14">ValidateInvalidLogin</a></td></tr><tr class="passedodd"><td rowspan="1">tests.TC_005SearchHoteltest</td><td><a href="#m15">SearchHotelsTest</a></td><td rowspan="1">1745905293277</td><td rowspan="1">1301</td></tr><tr class="passedeven"><td rowspan="1">tests.TC_006SelectHotelstest</td><td><a href="#m16">BookingHotelsTest</a></td><td rowspan="1">1745905299737</td><td rowspan="1">12339</td></tr><tr class="passedodd"><td rowspan="1">tests.TC_007ValidateSearchHotel</td><td><a href="#m17">SearchHotelsTest</a></td><td rowspan="1">1745905320481</td><td rowspan="1">946</td></tr><tr class="passedeven"><td rowspan="1">tests.TC_008ChangePasswordTest</td><td><a href="#m18">ChangePassword</a></td><td rowspan="1">1745905323352</td><td rowspan="1">1776</td></tr><tr class="passedodd"><td rowspan="7">tests.TC_009ValidateBookAHotel</td><td><a href="#m19">BookingHotelsTest</a></td><td rowspan="7">1745905362613</td><td rowspan="7">6913</td></tr><tr class="passedodd"><td><a href="#m20">BookingHotelsTest</a></td></tr><tr class="passedodd"><td><a href="#m21">BookingHotelsTest</a></td></tr><tr class="passedodd"><td><a href="#m22">BookingHotelsTest</a></td></tr><tr class="passedodd"><td><a href="#m23">BookingHotelsTest</a></td></tr><tr class="passedodd"><td><a href="#m24">BookingHotelsTest</a></td></tr><tr class="passedodd"><td><a href="#m25">BookingHotelsTest</a></td></tr><tr class="passedeven"><td rowspan="1">tests.TC_011HomeContentTest</td><td><a href="#m26">HomeContentTest</a></td><td rowspan="1">1745905460845</td><td rowspan="1">166</td></tr></tbody>
</table>
<h2>Test</h2><h3 id="m0">tests.TC_003ValidateValidLoginData#ValidateLogin</h3><table class="result"><tr class="param"><th>Parameter #1</th><th>Parameter #2</th></tr><tr class="param stripe"><td>RamAdmin1</td><td>Ram@1234</td></tr><tr><th colspan="2">Exception</th></tr><tr><td colspan="2"><div class="stacktrace">org.openqa.selenium.InvalidSelectorException: invalid selector: Unable to locate an element with the xpath expression //td[@class=&apos;welcome_menu&apos;])[1] because of the following error:
SyntaxError: Failed to execute &apos;evaluate&apos; on &apos;Document&apos;: The string &apos;//td[@class=&apos;welcome_menu&apos;])[1]&apos; is not a valid XPath expression.
  (Session info: chrome=135.0.7049.115)
For documentation on this error, please visit: https://www.selenium.dev/documentation/webdriver/troubleshooting/errors#invalid-selector-exception
Build info: version: &apos;4.31.0&apos;, revision: &apos;1ef9f18787*&apos;
System info: os.name: &apos;Windows 10&apos;, os.arch: &apos;amd64&apos;, os.version: &apos;10.0&apos;, java.version: &apos;21.0.6&apos;
Driver info: org.openqa.selenium.chrome.ChromeDriver
Command: [5b7c6fd55e2985f90d096257098c2caf, findElement {using=xpath, value=//td[@class=&apos;welcome_menu&apos;])[1]}]
Capabilities {acceptInsecureCerts: false, browserName: chrome, browserVersion: 135.0.7049.115, chrome: {chromedriverVersion: 135.0.7049.114 (63fd8a7d9d0..., userDataDir: C:\Users\ADMIN\AppData\Loca...}, fedcm:accounts: true, goog:chromeOptions: {debuggerAddress: localhost:63603}, networkConnectionEnabled: false, pageLoadStrategy: normal, platformName: windows, proxy: Proxy(), se:cdp: ws://localhost:63603/devtoo..., se:cdpVersion: 135.0.7049.115, setWindowRect: true, strictFileInteractability: false, timeouts: {implicit: 0, pageLoad: 300000, script: 30000}, unhandledPromptBehavior: dismiss and notify, webauthn:extension:credBlob: true, webauthn:extension:largeBlob: true, webauthn:extension:minPinLength: true, webauthn:extension:prf: true, webauthn:virtualAuthenticators: true}
Session ID: 5b7c6fd55e2985f90d096257098c2caf
	at org.openqa.selenium.remote.ErrorCodec.decode(ErrorCodec.java:167)
	at org.openqa.selenium.remote.codec.w3c.W3CHttpResponseCodec.decode(W3CHttpResponseCodec.java:138)
	at org.openqa.selenium.remote.codec.w3c.W3CHttpResponseCodec.decode(W3CHttpResponseCodec.java:50)
	at org.openqa.selenium.remote.HttpCommandExecutor.execute(HttpCommandExecutor.java:215)
	at org.openqa.selenium.remote.service.DriverCommandExecutor.invokeExecute(DriverCommandExecutor.java:216)
	at org.openqa.selenium.remote.service.DriverCommandExecutor.execute(DriverCommandExecutor.java:174)
	at org.openqa.selenium.remote.RemoteWebDriver.execute(RemoteWebDriver.java:545)
	at org.openqa.selenium.remote.ElementLocation$ElementFinder$2.findElement(ElementLocation.java:165)
	at org.openqa.selenium.remote.ElementLocation.findElement(ElementLocation.java:59)
	at org.openqa.selenium.remote.RemoteWebDriver.findElement(RemoteWebDriver.java:368)
	at org.openqa.selenium.remote.RemoteWebDriver.findElement(RemoteWebDriver.java:362)
	at org.openqa.selenium.support.pagefactory.DefaultElementLocator.findElement(DefaultElementLocator.java:68)
	at org.openqa.selenium.support.pagefactory.internal.LocatingElementHandler.invoke(LocatingElementHandler.java:38)
	at jdk.proxy2/jdk.proxy2.$Proxy19.getText(Unknown Source)
	at pages.HotelsPage.verifyLogin(HotelsPage.java:101)
	at tests.TC_003ValidateValidLoginData.ValidateLogin(TC_003ValidateValidLoginData.java:30)
	at java.base/java.util.ArrayList.forEach(ArrayList.java:1596)
... Removed 28 stack frames</div></td></tr></table><p class="totop"><a href="#summary">back to summary</a></p>
<h3 id="m1">tests.TC_006SelectHotelstest#BookingHotelsTest</h3><table class="result"><tr class="param"><th>Parameter #1</th><th>Parameter #2</th><th>Parameter #3</th><th>Parameter #4</th><th>Parameter #5</th><th>Parameter #6</th><th>Parameter #7</th><th>Parameter #8</th><th>Parameter #9</th><th>Parameter #10</th></tr><tr class="param stripe"><td>RamAdmin1</td><td>Ram@1234</td><td>15-04-2025</td><td>16-04-2025</td><td>Joyson</td><td>Demetrius</td><td>Chennai</td><td>5642239548751548</td><td>456</td><td>FirstBooking</td></tr><tr><th colspan="10">Exception</th></tr><tr><td colspan="10"><div class="stacktrace">org.openqa.selenium.StaleElementReferenceException: stale element reference: stale element not found
  (Session info: chrome=135.0.7049.115)
For documentation on this error, please visit: https://www.selenium.dev/documentation/webdriver/troubleshooting/errors#stale-element-reference-exception
Build info: version: &apos;4.31.0&apos;, revision: &apos;1ef9f18787*&apos;
System info: os.name: &apos;Windows 10&apos;, os.arch: &apos;amd64&apos;, os.version: &apos;10.0&apos;, java.version: &apos;21.0.6&apos;
Driver info: org.openqa.selenium.chrome.ChromeDriver
Command: [257bed1746e0f79b7825c6beb019fa1d, getElementText {id=f.EC216A86CD1B3F7AA1B02E40A4B68DB4.d.54750D1DB08720C6C65B12E9728AC986.e.76}]
Capabilities {acceptInsecureCerts: false, browserName: chrome, browserVersion: 135.0.7049.115, chrome: {chromedriverVersion: 135.0.7049.114 (63fd8a7d9d0..., userDataDir: C:\Users\ADMIN\AppData\Loca...}, fedcm:accounts: true, goog:chromeOptions: {debuggerAddress: localhost:63741}, networkConnectionEnabled: false, pageLoadStrategy: normal, platformName: windows, proxy: Proxy(), se:cdp: ws://localhost:63741/devtoo..., se:cdpVersion: 135.0.7049.115, setWindowRect: true, strictFileInteractability: false, timeouts: {implicit: 0, pageLoad: 300000, script: 30000}, unhandledPromptBehavior: dismiss and notify, webauthn:extension:credBlob: true, webauthn:extension:largeBlob: true, webauthn:extension:minPinLength: true, webauthn:extension:prf: true, webauthn:virtualAuthenticators: true}
Element: [[ChromeDriver: chrome on windows (257bed1746e0f79b7825c6beb019fa1d)] -&gt; xpath: (//td[@class=&apos;welcome_menu&apos;])[1]]
Session ID: 257bed1746e0f79b7825c6beb019fa1d
	at org.openqa.selenium.remote.ErrorCodec.decode(ErrorCodec.java:167)
	at org.openqa.selenium.remote.codec.w3c.W3CHttpResponseCodec.decode(W3CHttpResponseCodec.java:138)
	at org.openqa.selenium.remote.codec.w3c.W3CHttpResponseCodec.decode(W3CHttpResponseCodec.java:50)
	at org.openqa.selenium.remote.HttpCommandExecutor.execute(HttpCommandExecutor.java:215)
	at org.openqa.selenium.remote.service.DriverCommandExecutor.invokeExecute(DriverCommandExecutor.java:216)
	at org.openqa.selenium.remote.service.DriverCommandExecutor.execute(DriverCommandExecutor.java:174)
	at org.openqa.selenium.remote.RemoteWebDriver.execute(RemoteWebDriver.java:545)
	at org.openqa.selenium.remote.RemoteWebElement.execute(RemoteWebElement.java:223)
	at org.openqa.selenium.remote.RemoteWebElement.getText(RemoteWebElement.java:191)
	at org.openqa.selenium.support.pagefactory.internal.LocatingElementHandler.invoke(LocatingElementHandler.java:51)
	at jdk.proxy2/jdk.proxy2.$Proxy19.getText(Unknown Source)
	at pages.SelectHotelPage.WelcomeMenu(SelectHotelPage.java:29)
	at tests.TC_006SelectHotelstest.BookingHotelsTest(TC_006SelectHotelstest.java:43)
	at java.base/java.util.ArrayList.forEach(ArrayList.java:1596)
... Removed 30 stack frames</div></td></tr></table><p class="totop"><a href="#summary">back to summary</a></p>
<h3 id="m2">tests.TC_006SelectHotelstest#BookingHotelsTest</h3><table class="result"><tr class="param"><th>Parameter #1</th><th>Parameter #2</th><th>Parameter #3</th><th>Parameter #4</th><th>Parameter #5</th><th>Parameter #6</th><th>Parameter #7</th><th>Parameter #8</th><th>Parameter #9</th><th>Parameter #10</th></tr><tr class="param stripe"><td>RamAdmin1</td><td>Ram@1234</td><td>20-04-2025</td><td>24-04-2025</td><td>Aakash</td><td>Sivakumar</td><td>Erode</td><td>5642239548751548</td><td>456</td><td>ThirdBooking</td></tr><tr><th colspan="10">Exception</th></tr><tr><td colspan="10"><div class="stacktrace">org.openqa.selenium.StaleElementReferenceException: stale element reference: stale element not found
  (Session info: chrome=135.0.7049.115)
For documentation on this error, please visit: https://www.selenium.dev/documentation/webdriver/troubleshooting/errors#stale-element-reference-exception
Build info: version: &apos;4.31.0&apos;, revision: &apos;1ef9f18787*&apos;
System info: os.name: &apos;Windows 10&apos;, os.arch: &apos;amd64&apos;, os.version: &apos;10.0&apos;, java.version: &apos;21.0.6&apos;
Driver info: org.openqa.selenium.chrome.ChromeDriver
Command: [97d1935f976b1f153d2485e766f0742f, getElementText {id=f.4E0CDD808B21E7F425201618407F5BCE.d.73A156D78ECFB49D6494CB7904C9A04F.e.77}]
Capabilities {acceptInsecureCerts: false, browserName: chrome, browserVersion: 135.0.7049.115, chrome: {chromedriverVersion: 135.0.7049.114 (63fd8a7d9d0..., userDataDir: C:\Users\ADMIN\AppData\Loca...}, fedcm:accounts: true, goog:chromeOptions: {debuggerAddress: localhost:63794}, networkConnectionEnabled: false, pageLoadStrategy: normal, platformName: windows, proxy: Proxy(), se:cdp: ws://localhost:63794/devtoo..., se:cdpVersion: 135.0.7049.115, setWindowRect: true, strictFileInteractability: false, timeouts: {implicit: 0, pageLoad: 300000, script: 30000}, unhandledPromptBehavior: dismiss and notify, webauthn:extension:credBlob: true, webauthn:extension:largeBlob: true, webauthn:extension:minPinLength: true, webauthn:extension:prf: true, webauthn:virtualAuthenticators: true}
Element: [[ChromeDriver: chrome on windows (97d1935f976b1f153d2485e766f0742f)] -&gt; xpath: (//td[@class=&apos;welcome_menu&apos;])[1]]
Session ID: 97d1935f976b1f153d2485e766f0742f
	at org.openqa.selenium.remote.ErrorCodec.decode(ErrorCodec.java:167)
	at org.openqa.selenium.remote.codec.w3c.W3CHttpResponseCodec.decode(W3CHttpResponseCodec.java:138)
	at org.openqa.selenium.remote.codec.w3c.W3CHttpResponseCodec.decode(W3CHttpResponseCodec.java:50)
	at org.openqa.selenium.remote.HttpCommandExecutor.execute(HttpCommandExecutor.java:215)
	at org.openqa.selenium.remote.service.DriverCommandExecutor.invokeExecute(DriverCommandExecutor.java:216)
	at org.openqa.selenium.remote.service.DriverCommandExecutor.execute(DriverCommandExecutor.java:174)
	at org.openqa.selenium.remote.RemoteWebDriver.execute(RemoteWebDriver.java:545)
	at org.openqa.selenium.remote.RemoteWebElement.execute(RemoteWebElement.java:223)
	at org.openqa.selenium.remote.RemoteWebElement.getText(RemoteWebElement.java:191)
	at org.openqa.selenium.support.pagefactory.internal.LocatingElementHandler.invoke(LocatingElementHandler.java:51)
	at jdk.proxy2/jdk.proxy2.$Proxy19.getText(Unknown Source)
	at pages.SelectHotelPage.WelcomeMenu(SelectHotelPage.java:29)
	at tests.TC_006SelectHotelstest.BookingHotelsTest(TC_006SelectHotelstest.java:43)
	at java.base/java.util.ArrayList.forEach(ArrayList.java:1596)
... Removed 30 stack frames</div></td></tr></table><p class="totop"><a href="#summary">back to summary</a></p>
<h3 id="m3">tests.TC_006SelectHotelstest#BookingHotelsTest</h3><table class="result"><tr class="param"><th>Parameter #1</th><th>Parameter #2</th><th>Parameter #3</th><th>Parameter #4</th><th>Parameter #5</th><th>Parameter #6</th><th>Parameter #7</th><th>Parameter #8</th><th>Parameter #9</th><th>Parameter #10</th></tr><tr class="param stripe"><td>RamAdmin1</td><td>Ram@1234</td><td>26-04-2025</td><td>27-04-2025</td><td>Sivasankaran</td><td>Karunamurthy</td><td>Salem</td><td>5642239548751548</td><td>456</td><td>FourthBooking</td></tr><tr><th colspan="10">Exception</th></tr><tr><td colspan="10"><div class="stacktrace">org.openqa.selenium.StaleElementReferenceException: stale element reference: stale element not found
  (Session info: chrome=135.0.7049.115)
For documentation on this error, please visit: https://www.selenium.dev/documentation/webdriver/troubleshooting/errors#stale-element-reference-exception
Build info: version: &apos;4.31.0&apos;, revision: &apos;1ef9f18787*&apos;
System info: os.name: &apos;Windows 10&apos;, os.arch: &apos;amd64&apos;, os.version: &apos;10.0&apos;, java.version: &apos;21.0.6&apos;
Driver info: org.openqa.selenium.chrome.ChromeDriver
Command: [f2416895dd928ce2bcfb38135e89900f, getElementText {id=f.317ECC64969FD3E47988C1E3D176E3D5.d.D70470190FDE88827B8660F81EB08575.e.76}]
Capabilities {acceptInsecureCerts: false, browserName: chrome, browserVersion: 135.0.7049.115, chrome: {chromedriverVersion: 135.0.7049.114 (63fd8a7d9d0..., userDataDir: C:\Users\ADMIN\AppData\Loca...}, fedcm:accounts: true, goog:chromeOptions: {debuggerAddress: localhost:63818}, networkConnectionEnabled: false, pageLoadStrategy: normal, platformName: windows, proxy: Proxy(), se:cdp: ws://localhost:63818/devtoo..., se:cdpVersion: 135.0.7049.115, setWindowRect: true, strictFileInteractability: false, timeouts: {implicit: 0, pageLoad: 300000, script: 30000}, unhandledPromptBehavior: dismiss and notify, webauthn:extension:credBlob: true, webauthn:extension:largeBlob: true, webauthn:extension:minPinLength: true, webauthn:extension:prf: true, webauthn:virtualAuthenticators: true}
Element: [[ChromeDriver: chrome on windows (f2416895dd928ce2bcfb38135e89900f)] -&gt; xpath: (//td[@class=&apos;welcome_menu&apos;])[1]]
Session ID: f2416895dd928ce2bcfb38135e89900f
	at org.openqa.selenium.remote.ErrorCodec.decode(ErrorCodec.java:167)
	at org.openqa.selenium.remote.codec.w3c.W3CHttpResponseCodec.decode(W3CHttpResponseCodec.java:138)
	at org.openqa.selenium.remote.codec.w3c.W3CHttpResponseCodec.decode(W3CHttpResponseCodec.java:50)
	at org.openqa.selenium.remote.HttpCommandExecutor.execute(HttpCommandExecutor.java:215)
	at org.openqa.selenium.remote.service.DriverCommandExecutor.invokeExecute(DriverCommandExecutor.java:216)
	at org.openqa.selenium.remote.service.DriverCommandExecutor.execute(DriverCommandExecutor.java:174)
	at org.openqa.selenium.remote.RemoteWebDriver.execute(RemoteWebDriver.java:545)
	at org.openqa.selenium.remote.RemoteWebElement.execute(RemoteWebElement.java:223)
	at org.openqa.selenium.remote.RemoteWebElement.getText(RemoteWebElement.java:191)
	at org.openqa.selenium.support.pagefactory.internal.LocatingElementHandler.invoke(LocatingElementHandler.java:51)
	at jdk.proxy2/jdk.proxy2.$Proxy19.getText(Unknown Source)
	at pages.SelectHotelPage.WelcomeMenu(SelectHotelPage.java:29)
	at tests.TC_006SelectHotelstest.BookingHotelsTest(TC_006SelectHotelstest.java:43)
	at java.base/java.util.ArrayList.forEach(ArrayList.java:1596)
... Removed 30 stack frames</div></td></tr></table><p class="totop"><a href="#summary">back to summary</a></p>
<h3 id="m4">tests.TC_010BookedItinerarytest#BookedItineraryTest</h3><table class="result"><tr class="param"><th>Parameter #1</th><th>Parameter #2</th></tr><tr class="param stripe"><td>RamAdmin1</td><td>Ram@1234</td></tr><tr><th colspan="2">Exception</th></tr><tr><td colspan="2"><div class="stacktrace">org.openqa.selenium.TimeoutException: timeout: Timed out receiving message from renderer: 30.000
  (Session info: chrome=135.0.7049.115)
Build info: version: &apos;4.31.0&apos;, revision: &apos;1ef9f18787*&apos;
System info: os.name: &apos;Windows 10&apos;, os.arch: &apos;amd64&apos;, os.version: &apos;10.0&apos;, java.version: &apos;21.0.6&apos;
Driver info: org.openqa.selenium.chrome.ChromeDriver
Command: [80e0459312de7e1da6a2eca29682ce36, clickElement {id=f.98E0AE66812FE19AE0EBCC50C0F3F499.d.549EE23D87D4EE761E03D22F78FA77DD.e.231}]
Capabilities {acceptInsecureCerts: false, browserName: chrome, browserVersion: 135.0.7049.115, chrome: {chromedriverVersion: 135.0.7049.114 (63fd8a7d9d0..., userDataDir: C:\Users\ADMIN\AppData\Loca...}, fedcm:accounts: true, goog:chromeOptions: {debuggerAddress: localhost:64077}, networkConnectionEnabled: false, pageLoadStrategy: normal, platformName: windows, proxy: Proxy(), se:cdp: ws://localhost:64077/devtoo..., se:cdpVersion: 135.0.7049.115, setWindowRect: true, strictFileInteractability: false, timeouts: {implicit: 0, pageLoad: 300000, script: 30000}, unhandledPromptBehavior: dismiss and notify, webauthn:extension:credBlob: true, webauthn:extension:largeBlob: true, webauthn:extension:minPinLength: true, webauthn:extension:prf: true, webauthn:virtualAuthenticators: true}
Element: [[ChromeDriver: chrome on windows (80e0459312de7e1da6a2eca29682ce36)] -&gt; xpath: //input[@id=&apos;search_hotel_id&apos;]]
Session ID: 80e0459312de7e1da6a2eca29682ce36
	at org.openqa.selenium.remote.ErrorCodec.decode(ErrorCodec.java:167)
	at org.openqa.selenium.remote.codec.w3c.W3CHttpResponseCodec.decode(W3CHttpResponseCodec.java:138)
	at org.openqa.selenium.remote.codec.w3c.W3CHttpResponseCodec.decode(W3CHttpResponseCodec.java:50)
	at org.openqa.selenium.remote.HttpCommandExecutor.execute(HttpCommandExecutor.java:215)
	at org.openqa.selenium.remote.service.DriverCommandExecutor.invokeExecute(DriverCommandExecutor.java:216)
	at org.openqa.selenium.remote.service.DriverCommandExecutor.execute(DriverCommandExecutor.java:174)
	at org.openqa.selenium.remote.RemoteWebDriver.execute(RemoteWebDriver.java:545)
	at org.openqa.selenium.remote.RemoteWebElement.execute(RemoteWebElement.java:223)
	at org.openqa.selenium.remote.RemoteWebElement.click(RemoteWebElement.java:76)
	at org.openqa.selenium.support.pagefactory.internal.LocatingElementHandler.invoke(LocatingElementHandler.java:51)
	at jdk.proxy2/jdk.proxy2.$Proxy19.click(Unknown Source)
	at pages.BookedItineraryPage.ClickGo(BookedItineraryPage.java:126)
	at tests.TC_010BookedItinerarytest.BookedItineraryTest(TC_010BookedItinerarytest.java:45)
	at java.base/java.util.ArrayList.forEach(ArrayList.java:1596)
... Removed 30 stack frames</div></td></tr></table><p class="totop"><a href="#summary">back to summary</a></p>
<h3 id="m5">tests.TC_001RegisterTest#ValidRegisterTest</h3><table class="result"><tr class="param"><th>Parameter #1</th><th>Parameter #2</th><th>Parameter #3</th><th>Parameter #4</th><th>Parameter #5</th></tr><tr class="param stripe"><td>Joyson007</td><td>Joyson@1352</td><td>Joyson@1352</td><td>Joyson Demetrius</td><td>Joyson008@gmail.com</td></tr></table><p class="totop"><a href="#summary">back to summary</a></p>
<h3 id="m6">tests.TC_002InvalidRegisterData#ValidRegisterTest</h3><table class="result"><tr class="param"><th>Parameter #1</th><th>Parameter #2</th><th>Parameter #3</th><th>Parameter #4</th><th>Parameter #5</th><th>Parameter #6</th><th>Parameter #7</th></tr><tr class="param stripe"><td>Joyson1352</td><td></td><td>Joyson@1352</td><td>Joyson Demetrius</td><td>joedemetriusr@gmail.com</td><td>PasswordIsEmpty</td><td>Password is Empty</td></tr></table><p class="totop"><a href="#summary">back to summary</a></p>
<h3 id="m7">tests.TC_002InvalidRegisterData#ValidRegisterTest</h3><table class="result"><tr class="param"><th>Parameter #1</th><th>Parameter #2</th><th>Parameter #3</th><th>Parameter #4</th><th>Parameter #5</th><th>Parameter #6</th><th>Parameter #7</th></tr><tr class="param stripe"><td></td><td>Joyson@1352</td><td>Joyson@1352</td><td>Joyson Demetrius</td><td>joedemetriusr@gmail.com</td><td>UserNameisEmpty</td><td>Username is Empty</td></tr></table><p class="totop"><a href="#summary">back to summary</a></p>
<h3 id="m8">tests.TC_002InvalidRegisterData#ValidRegisterTest</h3><table class="result"><tr class="param"><th>Parameter #1</th><th>Parameter #2</th><th>Parameter #3</th><th>Parameter #4</th><th>Parameter #5</th><th>Parameter #6</th><th>Parameter #7</th></tr><tr class="param stripe"><td>Joyson1352</td><td>Joyson@1352</td><td>Joyson</td><td>Joyson Demetrius</td><td>joedemetriusr@gmail.com</td><td>InvalidConfirmPassword</td><td>Passwords Do Not Match</td></tr></table><p class="totop"><a href="#summary">back to summary</a></p>
<h3 id="m9">tests.TC_002InvalidRegisterData#ValidRegisterTest</h3><table class="result"><tr class="param"><th>Parameter #1</th><th>Parameter #2</th><th>Parameter #3</th><th>Parameter #4</th><th>Parameter #5</th><th>Parameter #6</th><th>Parameter #7</th></tr><tr class="param stripe"><td>Joyson1352</td><td>Joyson@1352</td><td>Joyson@1352</td><td>Joyson Demetrius</td><td>joedemetriusr</td><td>IvalidEmailId</td><td>Invalid email, Please enter correct email.</td></tr></table><p class="totop"><a href="#summary">back to summary</a></p>
<h3 id="m10">tests.TC_002InvalidRegisterData#ValidRegisterTest</h3><table class="result"><tr class="param"><th>Parameter #1</th><th>Parameter #2</th><th>Parameter #3</th><th>Parameter #4</th><th>Parameter #5</th><th>Parameter #6</th><th>Parameter #7</th></tr><tr class="param stripe"><td>Joyson1352</td><td>Joyson@1352</td><td>Joyson@1352</td><td></td><td>joedemetriusr@gmail.com</td><td>FullNameIsEmpty</td><td>Full Name is Empty</td></tr></table><p class="totop"><a href="#summary">back to summary</a></p>
<h3 id="m11">tests.TC_004ValidateInvalidLoginData#ValidateInvalidLogin</h3><table class="result"><tr class="param"><th>Parameter #1</th><th>Parameter #2</th><th>Parameter #3</th><th>Parameter #4</th></tr><tr class="param stripe"><td>Joyson132</td><td></td><td>PasswordIsEmpty</td><td>Enter Password</td></tr></table><p class="totop"><a href="#summary">back to summary</a></p>
<h3 id="m12">tests.TC_004ValidateInvalidLoginData#ValidateInvalidLogin</h3><table class="result"><tr class="param"><th>Parameter #1</th><th>Parameter #2</th><th>Parameter #3</th><th>Parameter #4</th></tr><tr class="param stripe"><td>Joyson1352</td><td>joyson13</td><td>enterInvalidUserdata</td><td>Forgot Password Form</td></tr></table><p class="totop"><a href="#summary">back to summary</a></p>
<h3 id="m13">tests.TC_004ValidateInvalidLoginData#ValidateInvalidLogin</h3><table class="result"><tr class="param"><th>Parameter #1</th><th>Parameter #2</th><th>Parameter #3</th><th>Parameter #4</th></tr><tr class="param stripe"><td></td><td>joyson13</td><td>UsrNameIsEmpty</td><td>Enter Username</td></tr></table><p class="totop"><a href="#summary">back to summary</a></p>
<h3 id="m14">tests.TC_004ValidateInvalidLoginData#ValidateInvalidLogin</h3><table class="result"><tr class="param"><th>Parameter #1</th><th>Parameter #2</th><th>Parameter #3</th><th>Parameter #4</th></tr><tr class="param stripe"><td>Joyson132</td><td>joyson</td><td>ClickForgotPassword</td><td>Forgot Password Form</td></tr></table><p class="totop"><a href="#summary">back to summary</a></p>
<h3 id="m15">tests.TC_005SearchHoteltest#SearchHotelsTest</h3><table class="result"><tr class="param"><th>Parameter #1</th><th>Parameter #2</th><th>Parameter #3</th><th>Parameter #4</th></tr><tr class="param stripe"><td>RamAdmin1</td><td>Ram@1234</td><td>15-04-2025</td><td>16-04-2025</td></tr></table><p class="totop"><a href="#summary">back to summary</a></p>
<h3 id="m16">tests.TC_006SelectHotelstest#BookingHotelsTest</h3><table class="result"><tr class="param"><th>Parameter #1</th><th>Parameter #2</th><th>Parameter #3</th><th>Parameter #4</th><th>Parameter #5</th><th>Parameter #6</th><th>Parameter #7</th><th>Parameter #8</th><th>Parameter #9</th><th>Parameter #10</th></tr><tr class="param stripe"><td>RamAdmin1</td><td>Ram@1234</td><td>16-04-2025</td><td>17-05-2025</td><td>Aravind</td><td>P</td><td>Nagore</td><td>5642239548751548</td><td>456</td><td>SeconBooking</td></tr></table><p class="totop"><a href="#summary">back to summary</a></p>
<h3 id="m17">tests.TC_007ValidateSearchHotel#SearchHotelsTest</h3><table class="result"><tr class="param"><th>Parameter #1</th><th>Parameter #2</th><th>Parameter #3</th><th>Parameter #4</th></tr><tr class="param stripe"><td>RamAdmin1</td><td>Ram@1234</td><td>21-05-2025</td><td>22-05-2025</td></tr></table><p class="totop"><a href="#summary">back to summary</a></p>
<h3 id="m18">tests.TC_008ChangePasswordTest#ChangePassword</h3><table class="result"><tr class="param"><th>Parameter #1</th><th>Parameter #2</th><th>Parameter #3</th><th>Parameter #4</th><th>Parameter #5</th></tr><tr class="param stripe"><td>RamAdmin1</td><td>Ram@1234</td><td>Ram@1234</td><td>Ram@1234</td><td>Ram@1234</td></tr></table><p class="totop"><a href="#summary">back to summary</a></p>
<h3 id="m19">tests.TC_009ValidateBookAHotel#BookingHotelsTest</h3><table class="result"><tr class="param"><th>Parameter #1</th><th>Parameter #2</th><th>Parameter #3</th><th>Parameter #4</th><th>Parameter #5</th><th>Parameter #6</th><th>Parameter #7</th><th>Parameter #8</th><th>Parameter #9</th><th>Parameter #10</th><th>Parameter #11</th></tr><tr class="param stripe"><td>RamAdmin1</td><td>Ram@1234</td><td>30-04-2025</td><td>02-05-2025</td><td>Joyson</td><td>Demetrius</td><td>Chennai,TamilNadu</td><td>5642239548751548</td><td>456</td><td>UnselectedCreditCardType</td><td>Please Select your Credit Card Type</td></tr></table><p class="totop"><a href="#summary">back to summary</a></p>
<h3 id="m20">tests.TC_009ValidateBookAHotel#BookingHotelsTest</h3><table class="result"><tr class="param"><th>Parameter #1</th><th>Parameter #2</th><th>Parameter #3</th><th>Parameter #4</th><th>Parameter #5</th><th>Parameter #6</th><th>Parameter #7</th><th>Parameter #8</th><th>Parameter #9</th><th>Parameter #10</th><th>Parameter #11</th></tr><tr class="param stripe"><td>RamAdmin1</td><td>Ram@1234</td><td>26-04-2025</td><td>27-04-2025</td><td>Joyson</td><td>Demetrius</td><td>Chennai,TamilNadu</td><td>56422</td><td>456</td><td>CArdNo.IsEmpty</td><td>Please Enter your 16 Digit Credit Card Number</td></tr></table><p class="totop"><a href="#summary">back to summary</a></p>
<h3 id="m21">tests.TC_009ValidateBookAHotel#BookingHotelsTest</h3><table class="result"><tr class="param"><th>Parameter #1</th><th>Parameter #2</th><th>Parameter #3</th><th>Parameter #4</th><th>Parameter #5</th><th>Parameter #6</th><th>Parameter #7</th><th>Parameter #8</th><th>Parameter #9</th><th>Parameter #10</th><th>Parameter #11</th></tr><tr class="param stripe"><td>RamAdmin1</td><td>Ram@1234</td><td>04-05-2025</td><td>05-05-2025</td><td>Joyson</td><td>Demetrius</td><td>Chennai,TamilNadu</td><td>5642239548751548</td><td>456</td><td>UnselectdExpiryMonth</td><td>Please Select your Credit Card Expiry Month</td></tr></table><p class="totop"><a href="#summary">back to summary</a></p>
<h3 id="m22">tests.TC_009ValidateBookAHotel#BookingHotelsTest</h3><table class="result"><tr class="param"><th>Parameter #1</th><th>Parameter #2</th><th>Parameter #3</th><th>Parameter #4</th><th>Parameter #5</th><th>Parameter #6</th><th>Parameter #7</th><th>Parameter #8</th><th>Parameter #9</th><th>Parameter #10</th><th>Parameter #11</th></tr><tr class="param stripe"><td>RamAdmin1</td><td>Ram@1234</td><td>15-04-2025</td><td>16-04-2025</td><td></td><td>Demetrius</td><td>Chennai,TamilNadu</td><td>5642239548751548</td><td>456</td><td>FirstNameISEmpty</td><td>Please Enter your First Name</td></tr></table><p class="totop"><a href="#summary">back to summary</a></p>
<h3 id="m23">tests.TC_009ValidateBookAHotel#BookingHotelsTest</h3><table class="result"><tr class="param"><th>Parameter #1</th><th>Parameter #2</th><th>Parameter #3</th><th>Parameter #4</th><th>Parameter #5</th><th>Parameter #6</th><th>Parameter #7</th><th>Parameter #8</th><th>Parameter #9</th><th>Parameter #10</th><th>Parameter #11</th></tr><tr class="param stripe"><td>RamAdmin1</td><td>Ram@1234</td><td>20-04-2025</td><td>24-04-2025</td><td>Joyson</td><td>Demetrius</td><td></td><td>5642239548751548</td><td>456</td><td>AddressIsEmpty</td><td>Please Enter your Address</td></tr></table><p class="totop"><a href="#summary">back to summary</a></p>
<h3 id="m24">tests.TC_009ValidateBookAHotel#BookingHotelsTest</h3><table class="result"><tr class="param"><th>Parameter #1</th><th>Parameter #2</th><th>Parameter #3</th><th>Parameter #4</th><th>Parameter #5</th><th>Parameter #6</th><th>Parameter #7</th><th>Parameter #8</th><th>Parameter #9</th><th>Parameter #10</th><th>Parameter #11</th></tr><tr class="param stripe"><td>RamAdmin1</td><td>Ram@1234</td><td>16-04-2025</td><td>17-05-2025</td><td>Joyson</td><td></td><td>Chennai,TamilNadu</td><td>5642239548751548</td><td>456</td><td>LastNameISEmpty</td><td>Please Enter you Last Name</td></tr></table><p class="totop"><a href="#summary">back to summary</a></p>
<h3 id="m25">tests.TC_009ValidateBookAHotel#BookingHotelsTest</h3><table class="result"><tr class="param"><th>Parameter #1</th><th>Parameter #2</th><th>Parameter #3</th><th>Parameter #4</th><th>Parameter #5</th><th>Parameter #6</th><th>Parameter #7</th><th>Parameter #8</th><th>Parameter #9</th><th>Parameter #10</th><th>Parameter #11</th></tr><tr class="param stripe"><td>RamAdmin1</td><td>Ram@1234</td><td>07-05-2025</td><td>08-05-2025</td><td>Joyson</td><td>Demetrius</td><td>Chennai,TamilNadu</td><td>5642239548751548</td><td></td><td>CVVNo.ISEmpty</td><td>Please Enter your Credit Card CVV Number</td></tr></table><p class="totop"><a href="#summary">back to summary</a></p>
<h3 id="m26">tests.TC_011HomeContentTest#HomeContentTest</h3><table class="result"><tr><th class="invisible"/></tr></table><p class="totop"><a href="#summary">back to summary</a></p>
</body>
</html>
