<?xml version="1.0" encoding="UTF-8"?>
<testng-results ignored="0" total="27" passed="22" failed="5" skipped="0">
  <reporter-output>
  </reporter-output>
  <suite started-at="2025-04-29T11:07:35 IST" name="Suite" finished-at="2025-04-29T11:14:21 IST" duration-ms="405203">
    <groups>
    </groups>
    <test started-at="2025-04-29T11:07:35 IST" name="Test" finished-at="2025-04-29T11:14:21 IST" duration-ms="405203">
      <class name="tests.TC_004ValidateInvalidLoginData">
        <test-method is-config="true" signature="setup()[pri:0, instance:tests.TC_004ValidateInvalidLoginData@65e98b1c]" started-at="2025-04-29T11:07:35 IST" name="setup" finished-at="2025-04-29T11:07:35 IST" duration-ms="1" status="PASS">
          <reporter-output>
          </reporter-output>
        </test-method> <!-- setup -->
        <test-method is-config="true" signature="testDetails()[pri:0, instance:tests.TC_004ValidateInvalidLoginData@65e98b1c]" started-at="2025-04-29T11:11:21 IST" name="testDetails" finished-at="2025-04-29T11:11:21 IST" duration-ms="1" status="PASS">
          <reporter-output>
          </reporter-output>
        </test-method> <!-- testDetails -->
        <test-method is-config="true" signature="LauchingAndLoadingURL()[pri:0, instance:tests.TC_004ValidateInvalidLoginData@65e98b1c]" started-at="2025-04-29T11:11:21 IST" name="LauchingAndLoadingURL" finished-at="2025-04-29T11:11:23 IST" duration-ms="1861" status="PASS">
          <reporter-output>
          </reporter-output>
        </test-method> <!-- LauchingAndLoadingURL -->
        <test-method signature="ValidateInvalidLogin(java.lang.String,java.lang.String,java.lang.String,java.lang.String)[pri:0, instance:tests.TC_004ValidateInvalidLoginData@65e98b1c]" started-at="2025-04-29T11:11:23 IST" name="ValidateInvalidLogin" data-provider="readData" finished-at="2025-04-29T11:11:23 IST" duration-ms="165" status="PASS">
          <params>
            <param index="0">
              <value>
                <![CDATA[]]>
              </value>
            </param>
            <param index="1">
              <value>
                <![CDATA[joyson13]]>
              </value>
            </param>
            <param index="2">
              <value>
                <![CDATA[UsrNameIsEmpty]]>
              </value>
            </param>
            <param index="3">
              <value>
                <![CDATA[Enter Username]]>
              </value>
            </param>
          </params>
          <reporter-output>
          </reporter-output>
        </test-method> <!-- ValidateInvalidLogin -->
        <test-method is-config="true" signature="closingBrowser()[pri:0, instance:tests.TC_004ValidateInvalidLoginData@65e98b1c]" started-at="2025-04-29T11:11:23 IST" name="closingBrowser" finished-at="2025-04-29T11:11:23 IST" duration-ms="31" status="PASS">
          <reporter-output>
          </reporter-output>
        </test-method> <!-- closingBrowser -->
        <test-method is-config="true" signature="LauchingAndLoadingURL()[pri:0, instance:tests.TC_004ValidateInvalidLoginData@65e98b1c]" started-at="2025-04-29T11:11:23 IST" name="LauchingAndLoadingURL" finished-at="2025-04-29T11:11:25 IST" duration-ms="1852" status="PASS">
          <reporter-output>
          </reporter-output>
        </test-method> <!-- LauchingAndLoadingURL -->
        <test-method signature="ValidateInvalidLogin(java.lang.String,java.lang.String,java.lang.String,java.lang.String)[pri:0, instance:tests.TC_004ValidateInvalidLoginData@65e98b1c]" started-at="2025-04-29T11:11:25 IST" name="ValidateInvalidLogin" data-provider="readData" finished-at="2025-04-29T11:11:25 IST" duration-ms="144" status="PASS">
          <params>
            <param index="0">
              <value>
                <![CDATA[Joyson132]]>
              </value>
            </param>
            <param index="1">
              <value>
                <![CDATA[]]>
              </value>
            </param>
            <param index="2">
              <value>
                <![CDATA[PasswordIsEmpty]]>
              </value>
            </param>
            <param index="3">
              <value>
                <![CDATA[Enter Password]]>
              </value>
            </param>
          </params>
          <reporter-output>
          </reporter-output>
        </test-method> <!-- ValidateInvalidLogin -->
        <test-method is-config="true" signature="closingBrowser()[pri:0, instance:tests.TC_004ValidateInvalidLoginData@65e98b1c]" started-at="2025-04-29T11:11:25 IST" name="closingBrowser" finished-at="2025-04-29T11:11:25 IST" duration-ms="32" status="PASS">
          <reporter-output>
          </reporter-output>
        </test-method> <!-- closingBrowser -->
        <test-method is-config="true" signature="LauchingAndLoadingURL()[pri:0, instance:tests.TC_004ValidateInvalidLoginData@65e98b1c]" started-at="2025-04-29T11:11:25 IST" name="LauchingAndLoadingURL" finished-at="2025-04-29T11:11:27 IST" duration-ms="1845" status="PASS">
          <reporter-output>
          </reporter-output>
        </test-method> <!-- LauchingAndLoadingURL -->
        <test-method signature="ValidateInvalidLogin(java.lang.String,java.lang.String,java.lang.String,java.lang.String)[pri:0, instance:tests.TC_004ValidateInvalidLoginData@65e98b1c]" started-at="2025-04-29T11:11:27 IST" name="ValidateInvalidLogin" data-provider="readData" finished-at="2025-04-29T11:11:28 IST" duration-ms="756" status="PASS">
          <params>
            <param index="0">
              <value>
                <![CDATA[Joyson132]]>
              </value>
            </param>
            <param index="1">
              <value>
                <![CDATA[joyson]]>
              </value>
            </param>
            <param index="2">
              <value>
                <![CDATA[ClickForgotPassword]]>
              </value>
            </param>
            <param index="3">
              <value>
                <![CDATA[Forgot Password Form]]>
              </value>
            </param>
          </params>
          <reporter-output>
          </reporter-output>
        </test-method> <!-- ValidateInvalidLogin -->
        <test-method is-config="true" signature="closingBrowser()[pri:0, instance:tests.TC_004ValidateInvalidLoginData@65e98b1c]" started-at="2025-04-29T11:11:28 IST" name="closingBrowser" finished-at="2025-04-29T11:11:28 IST" duration-ms="30" status="PASS">
          <reporter-output>
          </reporter-output>
        </test-method> <!-- closingBrowser -->
        <test-method is-config="true" signature="LauchingAndLoadingURL()[pri:0, instance:tests.TC_004ValidateInvalidLoginData@65e98b1c]" started-at="2025-04-29T11:11:28 IST" name="LauchingAndLoadingURL" finished-at="2025-04-29T11:11:30 IST" duration-ms="1871" status="PASS">
          <reporter-output>
          </reporter-output>
        </test-method> <!-- LauchingAndLoadingURL -->
        <test-method signature="ValidateInvalidLogin(java.lang.String,java.lang.String,java.lang.String,java.lang.String)[pri:0, instance:tests.TC_004ValidateInvalidLoginData@65e98b1c]" started-at="2025-04-29T11:11:30 IST" name="ValidateInvalidLogin" data-provider="readData" finished-at="2025-04-29T11:11:31 IST" duration-ms="1050" status="PASS">
          <params>
            <param index="0">
              <value>
                <![CDATA[Joyson1352]]>
              </value>
            </param>
            <param index="1">
              <value>
                <![CDATA[joyson13]]>
              </value>
            </param>
            <param index="2">
              <value>
                <![CDATA[enterInvalidUserdata]]>
              </value>
            </param>
            <param index="3">
              <value>
                <![CDATA[Forgot Password Form]]>
              </value>
            </param>
          </params>
          <reporter-output>
          </reporter-output>
        </test-method> <!-- ValidateInvalidLogin -->
        <test-method is-config="true" signature="closingBrowser()[pri:0, instance:tests.TC_004ValidateInvalidLoginData@65e98b1c]" started-at="2025-04-29T11:11:31 IST" name="closingBrowser" finished-at="2025-04-29T11:11:31 IST" duration-ms="31" status="PASS">
          <reporter-output>
          </reporter-output>
        </test-method> <!-- closingBrowser -->
      </class> <!-- tests.TC_004ValidateInvalidLoginData -->
      <class name="tests.TC_010BookedItinerarytest">
        <test-method is-config="true" signature="setup()[pri:0, instance:tests.TC_010BookedItinerarytest@2362f559]" started-at="2025-04-29T11:07:35 IST" name="setup" finished-at="2025-04-29T11:07:35 IST" duration-ms="0" status="PASS">
          <reporter-output>
          </reporter-output>
        </test-method> <!-- setup -->
        <test-method is-config="true" signature="testDetails()[pri:0, instance:tests.TC_010BookedItinerarytest@2362f559]" started-at="2025-04-29T11:13:07 IST" name="testDetails" finished-at="2025-04-29T11:13:07 IST" duration-ms="0" status="PASS">
          <reporter-output>
          </reporter-output>
        </test-method> <!-- testDetails -->
        <test-method is-config="true" signature="LauchingAndLoadingURL()[pri:0, instance:tests.TC_010BookedItinerarytest@2362f559]" started-at="2025-04-29T11:13:07 IST" name="LauchingAndLoadingURL" finished-at="2025-04-29T11:13:09 IST" duration-ms="1859" status="PASS">
          <reporter-output>
          </reporter-output>
        </test-method> <!-- LauchingAndLoadingURL -->
        <test-method signature="BookedItineraryTest(java.lang.String,java.lang.String)[pri:0, instance:tests.TC_010BookedItinerarytest@2362f559]" started-at="2025-04-29T11:13:09 IST" name="BookedItineraryTest" data-provider="readData" finished-at="2025-04-29T11:14:18 IST" duration-ms="69517" status="FAIL">
          <params>
            <param index="0">
              <value>
                <![CDATA[RamAdmin1]]>
              </value>
            </param>
            <param index="1">
              <value>
                <![CDATA[Ram@1234]]>
              </value>
            </param>
          </params>
          <exception class="org.openqa.selenium.TimeoutException">
            <message>
              <![CDATA[timeout: Timed out receiving message from renderer: 30.000
  (Session info: chrome=135.0.7049.115)
Build info: version: '4.31.0', revision: '1ef9f18787*'
System info: os.name: 'Windows 10', os.arch: 'amd64', os.version: '10.0', java.version: '21.0.6'
Driver info: org.openqa.selenium.chrome.ChromeDriver
Command: [80e0459312de7e1da6a2eca29682ce36, clickElement {id=f.98E0AE66812FE19AE0EBCC50C0F3F499.d.549EE23D87D4EE761E03D22F78FA77DD.e.231}]
Capabilities {acceptInsecureCerts: false, browserName: chrome, browserVersion: 135.0.7049.115, chrome: {chromedriverVersion: 135.0.7049.114 (63fd8a7d9d0..., userDataDir: C:\Users\ADMIN\AppData\Loca...}, fedcm:accounts: true, goog:chromeOptions: {debuggerAddress: localhost:64077}, networkConnectionEnabled: false, pageLoadStrategy: normal, platformName: windows, proxy: Proxy(), se:cdp: ws://localhost:64077/devtoo..., se:cdpVersion: 135.0.7049.115, setWindowRect: true, strictFileInteractability: false, timeouts: {implicit: 0, pageLoad: 300000, script: 30000}, unhandledPromptBehavior: dismiss and notify, webauthn:extension:credBlob: true, webauthn:extension:largeBlob: true, webauthn:extension:minPinLength: true, webauthn:extension:prf: true, webauthn:virtualAuthenticators: true}
Element: [[ChromeDriver: chrome on windows (80e0459312de7e1da6a2eca29682ce36)] -> xpath: //input[@id='search_hotel_id']]
Session ID: 80e0459312de7e1da6a2eca29682ce36]]>
            </message>
            <full-stacktrace>
              <![CDATA[org.openqa.selenium.TimeoutException: timeout: Timed out receiving message from renderer: 30.000
  (Session info: chrome=135.0.7049.115)
Build info: version: '4.31.0', revision: '1ef9f18787*'
System info: os.name: 'Windows 10', os.arch: 'amd64', os.version: '10.0', java.version: '21.0.6'
Driver info: org.openqa.selenium.chrome.ChromeDriver
Command: [80e0459312de7e1da6a2eca29682ce36, clickElement {id=f.98E0AE66812FE19AE0EBCC50C0F3F499.d.549EE23D87D4EE761E03D22F78FA77DD.e.231}]
Capabilities {acceptInsecureCerts: false, browserName: chrome, browserVersion: 135.0.7049.115, chrome: {chromedriverVersion: 135.0.7049.114 (63fd8a7d9d0..., userDataDir: C:\Users\ADMIN\AppData\Loca...}, fedcm:accounts: true, goog:chromeOptions: {debuggerAddress: localhost:64077}, networkConnectionEnabled: false, pageLoadStrategy: normal, platformName: windows, proxy: Proxy(), se:cdp: ws://localhost:64077/devtoo..., se:cdpVersion: 135.0.7049.115, setWindowRect: true, strictFileInteractability: false, timeouts: {implicit: 0, pageLoad: 300000, script: 30000}, unhandledPromptBehavior: dismiss and notify, webauthn:extension:credBlob: true, webauthn:extension:largeBlob: true, webauthn:extension:minPinLength: true, webauthn:extension:prf: true, webauthn:virtualAuthenticators: true}
Element: [[ChromeDriver: chrome on windows (80e0459312de7e1da6a2eca29682ce36)] -> xpath: //input[@id='search_hotel_id']]
Session ID: 80e0459312de7e1da6a2eca29682ce36
at java.base/jdk.internal.reflect.DirectConstructorHandleAccessor.newInstance(DirectConstructorHandleAccessor.java:62)
at java.base/java.lang.reflect.Constructor.newInstanceWithCaller(Constructor.java:502)
at java.base/java.lang.reflect.Constructor.newInstance(Constructor.java:486)
at org.openqa.selenium.remote.ErrorCodec.decode(ErrorCodec.java:167)
at org.openqa.selenium.remote.codec.w3c.W3CHttpResponseCodec.decode(W3CHttpResponseCodec.java:138)
at org.openqa.selenium.remote.codec.w3c.W3CHttpResponseCodec.decode(W3CHttpResponseCodec.java:50)
at org.openqa.selenium.remote.HttpCommandExecutor.execute(HttpCommandExecutor.java:215)
at org.openqa.selenium.remote.service.DriverCommandExecutor.invokeExecute(DriverCommandExecutor.java:216)
at org.openqa.selenium.remote.service.DriverCommandExecutor.execute(DriverCommandExecutor.java:174)
at org.openqa.selenium.remote.RemoteWebDriver.execute(RemoteWebDriver.java:545)
at org.openqa.selenium.remote.RemoteWebElement.execute(RemoteWebElement.java:223)
at org.openqa.selenium.remote.RemoteWebElement.click(RemoteWebElement.java:76)
at java.base/jdk.internal.reflect.DirectMethodHandleAccessor.invoke(DirectMethodHandleAccessor.java:103)
at java.base/java.lang.reflect.Method.invoke(Method.java:580)
at org.openqa.selenium.support.pagefactory.internal.LocatingElementHandler.invoke(LocatingElementHandler.java:51)
at jdk.proxy2/jdk.proxy2.$Proxy19.click(Unknown Source)
at pages.BookedItineraryPage.ClickGo(BookedItineraryPage.java:126)
at tests.TC_010BookedItinerarytest.BookedItineraryTest(TC_010BookedItinerarytest.java:45)
at java.base/jdk.internal.reflect.DirectMethodHandleAccessor.invoke(DirectMethodHandleAccessor.java:103)
at java.base/java.lang.reflect.Method.invoke(Method.java:580)
at org.testng.internal.invokers.MethodInvocationHelper.invokeMethod(MethodInvocationHelper.java:141)
at org.testng.internal.invokers.TestInvoker.invokeMethod(TestInvoker.java:687)
at org.testng.internal.invokers.TestInvoker.invokeTestMethod(TestInvoker.java:230)
at org.testng.internal.invokers.MethodRunner.runInSequence(MethodRunner.java:63)
at org.testng.internal.invokers.TestInvoker$MethodInvocationAgent.invoke(TestInvoker.java:995)
at org.testng.internal.invokers.TestInvoker.invokeTestMethods(TestInvoker.java:203)
at org.testng.internal.invokers.TestMethodWorker.invokeTestMethods(TestMethodWorker.java:154)
at org.testng.internal.invokers.TestMethodWorker.run(TestMethodWorker.java:134)
at java.base/java.util.ArrayList.forEach(ArrayList.java:1596)
at org.testng.TestRunner.privateRun(TestRunner.java:741)
at org.testng.TestRunner.run(TestRunner.java:616)
at org.testng.SuiteRunner.runTest(SuiteRunner.java:421)
at org.testng.SuiteRunner.runSequentially(SuiteRunner.java:413)
at org.testng.SuiteRunner.privateRun(SuiteRunner.java:373)
at org.testng.SuiteRunner.run(SuiteRunner.java:312)
at org.testng.SuiteRunnerWorker.runSuite(SuiteRunnerWorker.java:52)
at org.testng.SuiteRunnerWorker.run(SuiteRunnerWorker.java:95)
at org.testng.TestNG.runSuitesSequentially(TestNG.java:1274)
at org.testng.TestNG.runSuitesLocally(TestNG.java:1208)
at org.testng.TestNG.runSuites(TestNG.java:1112)
at org.testng.TestNG.run(TestNG.java:1079)
at org.testng.remote.AbstractRemoteTestNG.run(AbstractRemoteTestNG.java:115)
at org.testng.remote.RemoteTestNG.initAndRun(RemoteTestNG.java:293)
at org.testng.remote.RemoteTestNG.main(RemoteTestNG.java:91)
]]>
            </full-stacktrace>
          </exception> <!-- org.openqa.selenium.TimeoutException -->
          <reporter-output>
          </reporter-output>
        </test-method> <!-- BookedItineraryTest -->
        <test-method is-config="true" signature="closingBrowser()[pri:0, instance:tests.TC_010BookedItinerarytest@2362f559]" started-at="2025-04-29T11:14:18 IST" name="closingBrowser" finished-at="2025-04-29T11:14:18 IST" duration-ms="36" status="PASS">
          <reporter-output>
          </reporter-output>
        </test-method> <!-- closingBrowser -->
      </class> <!-- tests.TC_010BookedItinerarytest -->
      <class name="tests.TC_007ValidateSearchHotel">
        <test-method is-config="true" signature="setup()[pri:0, instance:tests.TC_007ValidateSearchHotel@510f3d34]" started-at="2025-04-29T11:07:35 IST" name="setup" finished-at="2025-04-29T11:07:35 IST" duration-ms="0" status="PASS">
          <reporter-output>
          </reporter-output>
        </test-method> <!-- setup -->
        <test-method is-config="true" signature="testDetails()[pri:0, instance:tests.TC_007ValidateSearchHotel@510f3d34]" started-at="2025-04-29T11:11:58 IST" name="testDetails" finished-at="2025-04-29T11:11:58 IST" duration-ms="1" status="PASS">
          <reporter-output>
          </reporter-output>
        </test-method> <!-- testDetails -->
        <test-method is-config="true" signature="LauchingAndLoadingURL()[pri:0, instance:tests.TC_007ValidateSearchHotel@510f3d34]" started-at="2025-04-29T11:11:58 IST" name="LauchingAndLoadingURL" finished-at="2025-04-29T11:12:00 IST" duration-ms="1872" status="PASS">
          <reporter-output>
          </reporter-output>
        </test-method> <!-- LauchingAndLoadingURL -->
        <test-method signature="SearchHotelsTest(java.lang.String,java.lang.String,java.lang.String,java.lang.String)[pri:0, instance:tests.TC_007ValidateSearchHotel@510f3d34]" started-at="2025-04-29T11:12:00 IST" name="SearchHotelsTest" data-provider="readData" finished-at="2025-04-29T11:12:01 IST" duration-ms="946" status="PASS">
          <params>
            <param index="0">
              <value>
                <![CDATA[RamAdmin1]]>
              </value>
            </param>
            <param index="1">
              <value>
                <![CDATA[Ram@1234]]>
              </value>
            </param>
            <param index="2">
              <value>
                <![CDATA[21-05-2025]]>
              </value>
            </param>
            <param index="3">
              <value>
                <![CDATA[22-05-2025]]>
              </value>
            </param>
          </params>
          <reporter-output>
          </reporter-output>
        </test-method> <!-- SearchHotelsTest -->
        <test-method is-config="true" signature="closingBrowser()[pri:0, instance:tests.TC_007ValidateSearchHotel@510f3d34]" started-at="2025-04-29T11:12:01 IST" name="closingBrowser" finished-at="2025-04-29T11:12:01 IST" duration-ms="31" status="PASS">
          <reporter-output>
          </reporter-output>
        </test-method> <!-- closingBrowser -->
      </class> <!-- tests.TC_007ValidateSearchHotel -->
      <class name="tests.TC_005SearchHoteltest">
        <test-method is-config="true" signature="setup()[pri:0, instance:tests.TC_005SearchHoteltest@61322f9d]" started-at="2025-04-29T11:07:35 IST" name="setup" finished-at="2025-04-29T11:07:35 IST" duration-ms="0" status="PASS">
          <reporter-output>
          </reporter-output>
        </test-method> <!-- setup -->
        <test-method is-config="true" signature="testDetails()[pri:0, instance:tests.TC_005SearchHoteltest@61322f9d]" started-at="2025-04-29T11:11:31 IST" name="testDetails" finished-at="2025-04-29T11:11:31 IST" duration-ms="0" status="PASS">
          <reporter-output>
          </reporter-output>
        </test-method> <!-- testDetails -->
        <test-method is-config="true" signature="LauchingAndLoadingURL()[pri:0, instance:tests.TC_005SearchHoteltest@61322f9d]" started-at="2025-04-29T11:11:31 IST" name="LauchingAndLoadingURL" finished-at="2025-04-29T11:11:33 IST" duration-ms="1889" status="PASS">
          <reporter-output>
          </reporter-output>
        </test-method> <!-- LauchingAndLoadingURL -->
        <test-method signature="SearchHotelsTest(java.lang.String,java.lang.String,java.lang.String,java.lang.String)[pri:0, instance:tests.TC_005SearchHoteltest@61322f9d]" started-at="2025-04-29T11:11:33 IST" name="SearchHotelsTest" data-provider="readData" finished-at="2025-04-29T11:11:34 IST" duration-ms="1301" status="PASS">
          <params>
            <param index="0">
              <value>
                <![CDATA[RamAdmin1]]>
              </value>
            </param>
            <param index="1">
              <value>
                <![CDATA[Ram@1234]]>
              </value>
            </param>
            <param index="2">
              <value>
                <![CDATA[15-04-2025]]>
              </value>
            </param>
            <param index="3">
              <value>
                <![CDATA[16-04-2025]]>
              </value>
            </param>
          </params>
          <reporter-output>
          </reporter-output>
        </test-method> <!-- SearchHotelsTest -->
        <test-method is-config="true" signature="closingBrowser()[pri:0, instance:tests.TC_005SearchHoteltest@61322f9d]" started-at="2025-04-29T11:11:34 IST" name="closingBrowser" finished-at="2025-04-29T11:11:34 IST" duration-ms="31" status="PASS">
          <reporter-output>
          </reporter-output>
        </test-method> <!-- closingBrowser -->
      </class> <!-- tests.TC_005SearchHoteltest -->
      <class name="tests.TC_003ValidateValidLoginData">
        <test-method is-config="true" signature="setup()[pri:0, instance:tests.TC_003ValidateValidLoginData@1ff4931d]" started-at="2025-04-29T11:07:35 IST" name="setup" finished-at="2025-04-29T11:07:35 IST" duration-ms="0" status="PASS">
          <reporter-output>
          </reporter-output>
        </test-method> <!-- setup -->
        <test-method is-config="true" signature="testDetails()[pri:0, instance:tests.TC_003ValidateValidLoginData@1ff4931d]" started-at="2025-04-29T11:11:18 IST" name="testDetails" finished-at="2025-04-29T11:11:18 IST" duration-ms="0" status="PASS">
          <reporter-output>
          </reporter-output>
        </test-method> <!-- testDetails -->
        <test-method is-config="true" signature="LauchingAndLoadingURL()[pri:0, instance:tests.TC_003ValidateValidLoginData@1ff4931d]" started-at="2025-04-29T11:11:19 IST" name="LauchingAndLoadingURL" finished-at="2025-04-29T11:11:20 IST" duration-ms="1937" status="PASS">
          <reporter-output>
          </reporter-output>
        </test-method> <!-- LauchingAndLoadingURL -->
        <test-method signature="ValidateLogin(java.lang.String,java.lang.String)[pri:0, instance:tests.TC_003ValidateValidLoginData@1ff4931d]" started-at="2025-04-29T11:11:20 IST" name="ValidateLogin" data-provider="readData" finished-at="2025-04-29T11:11:21 IST" duration-ms="622" status="FAIL">
          <params>
            <param index="0">
              <value>
                <![CDATA[RamAdmin1]]>
              </value>
            </param>
            <param index="1">
              <value>
                <![CDATA[Ram@1234]]>
              </value>
            </param>
          </params>
          <exception class="org.openqa.selenium.InvalidSelectorException">
            <message>
              <![CDATA[invalid selector: Unable to locate an element with the xpath expression //td[@class='welcome_menu'])[1] because of the following error:
SyntaxError: Failed to execute 'evaluate' on 'Document': The string '//td[@class='welcome_menu'])[1]' is not a valid XPath expression.
  (Session info: chrome=135.0.7049.115)
For documentation on this error, please visit: https://www.selenium.dev/documentation/webdriver/troubleshooting/errors#invalid-selector-exception
Build info: version: '4.31.0', revision: '1ef9f18787*'
System info: os.name: 'Windows 10', os.arch: 'amd64', os.version: '10.0', java.version: '21.0.6'
Driver info: org.openqa.selenium.chrome.ChromeDriver
Command: [5b7c6fd55e2985f90d096257098c2caf, findElement {using=xpath, value=//td[@class='welcome_menu'])[1]}]
Capabilities {acceptInsecureCerts: false, browserName: chrome, browserVersion: 135.0.7049.115, chrome: {chromedriverVersion: 135.0.7049.114 (63fd8a7d9d0..., userDataDir: C:\Users\ADMIN\AppData\Loca...}, fedcm:accounts: true, goog:chromeOptions: {debuggerAddress: localhost:63603}, networkConnectionEnabled: false, pageLoadStrategy: normal, platformName: windows, proxy: Proxy(), se:cdp: ws://localhost:63603/devtoo..., se:cdpVersion: 135.0.7049.115, setWindowRect: true, strictFileInteractability: false, timeouts: {implicit: 0, pageLoad: 300000, script: 30000}, unhandledPromptBehavior: dismiss and notify, webauthn:extension:credBlob: true, webauthn:extension:largeBlob: true, webauthn:extension:minPinLength: true, webauthn:extension:prf: true, webauthn:virtualAuthenticators: true}
Session ID: 5b7c6fd55e2985f90d096257098c2caf]]>
            </message>
            <full-stacktrace>
              <![CDATA[org.openqa.selenium.InvalidSelectorException: invalid selector: Unable to locate an element with the xpath expression //td[@class='welcome_menu'])[1] because of the following error:
SyntaxError: Failed to execute 'evaluate' on 'Document': The string '//td[@class='welcome_menu'])[1]' is not a valid XPath expression.
  (Session info: chrome=135.0.7049.115)
For documentation on this error, please visit: https://www.selenium.dev/documentation/webdriver/troubleshooting/errors#invalid-selector-exception
Build info: version: '4.31.0', revision: '1ef9f18787*'
System info: os.name: 'Windows 10', os.arch: 'amd64', os.version: '10.0', java.version: '21.0.6'
Driver info: org.openqa.selenium.chrome.ChromeDriver
Command: [5b7c6fd55e2985f90d096257098c2caf, findElement {using=xpath, value=//td[@class='welcome_menu'])[1]}]
Capabilities {acceptInsecureCerts: false, browserName: chrome, browserVersion: 135.0.7049.115, chrome: {chromedriverVersion: 135.0.7049.114 (63fd8a7d9d0..., userDataDir: C:\Users\ADMIN\AppData\Loca...}, fedcm:accounts: true, goog:chromeOptions: {debuggerAddress: localhost:63603}, networkConnectionEnabled: false, pageLoadStrategy: normal, platformName: windows, proxy: Proxy(), se:cdp: ws://localhost:63603/devtoo..., se:cdpVersion: 135.0.7049.115, setWindowRect: true, strictFileInteractability: false, timeouts: {implicit: 0, pageLoad: 300000, script: 30000}, unhandledPromptBehavior: dismiss and notify, webauthn:extension:credBlob: true, webauthn:extension:largeBlob: true, webauthn:extension:minPinLength: true, webauthn:extension:prf: true, webauthn:virtualAuthenticators: true}
Session ID: 5b7c6fd55e2985f90d096257098c2caf
at java.base/jdk.internal.reflect.DirectConstructorHandleAccessor.newInstance(DirectConstructorHandleAccessor.java:62)
at java.base/java.lang.reflect.Constructor.newInstanceWithCaller(Constructor.java:502)
at java.base/java.lang.reflect.Constructor.newInstance(Constructor.java:486)
at org.openqa.selenium.remote.ErrorCodec.decode(ErrorCodec.java:167)
at org.openqa.selenium.remote.codec.w3c.W3CHttpResponseCodec.decode(W3CHttpResponseCodec.java:138)
at org.openqa.selenium.remote.codec.w3c.W3CHttpResponseCodec.decode(W3CHttpResponseCodec.java:50)
at org.openqa.selenium.remote.HttpCommandExecutor.execute(HttpCommandExecutor.java:215)
at org.openqa.selenium.remote.service.DriverCommandExecutor.invokeExecute(DriverCommandExecutor.java:216)
at org.openqa.selenium.remote.service.DriverCommandExecutor.execute(DriverCommandExecutor.java:174)
at org.openqa.selenium.remote.RemoteWebDriver.execute(RemoteWebDriver.java:545)
at org.openqa.selenium.remote.ElementLocation$ElementFinder$2.findElement(ElementLocation.java:165)
at org.openqa.selenium.remote.ElementLocation.findElement(ElementLocation.java:59)
at org.openqa.selenium.remote.RemoteWebDriver.findElement(RemoteWebDriver.java:368)
at org.openqa.selenium.remote.RemoteWebDriver.findElement(RemoteWebDriver.java:362)
at org.openqa.selenium.support.pagefactory.DefaultElementLocator.findElement(DefaultElementLocator.java:68)
at org.openqa.selenium.support.pagefactory.internal.LocatingElementHandler.invoke(LocatingElementHandler.java:38)
at jdk.proxy2/jdk.proxy2.$Proxy19.getText(Unknown Source)
at pages.HotelsPage.verifyLogin(HotelsPage.java:101)
at tests.TC_003ValidateValidLoginData.ValidateLogin(TC_003ValidateValidLoginData.java:30)
at java.base/jdk.internal.reflect.DirectMethodHandleAccessor.invoke(DirectMethodHandleAccessor.java:103)
at java.base/java.lang.reflect.Method.invoke(Method.java:580)
at org.testng.internal.invokers.MethodInvocationHelper.invokeMethod(MethodInvocationHelper.java:141)
at org.testng.internal.invokers.TestInvoker.invokeMethod(TestInvoker.java:687)
at org.testng.internal.invokers.TestInvoker.invokeTestMethod(TestInvoker.java:230)
at org.testng.internal.invokers.MethodRunner.runInSequence(MethodRunner.java:63)
at org.testng.internal.invokers.TestInvoker$MethodInvocationAgent.invoke(TestInvoker.java:995)
at org.testng.internal.invokers.TestInvoker.invokeTestMethods(TestInvoker.java:203)
at org.testng.internal.invokers.TestMethodWorker.invokeTestMethods(TestMethodWorker.java:154)
at org.testng.internal.invokers.TestMethodWorker.run(TestMethodWorker.java:134)
at java.base/java.util.ArrayList.forEach(ArrayList.java:1596)
at org.testng.TestRunner.privateRun(TestRunner.java:741)
at org.testng.TestRunner.run(TestRunner.java:616)
at org.testng.SuiteRunner.runTest(SuiteRunner.java:421)
at org.testng.SuiteRunner.runSequentially(SuiteRunner.java:413)
at org.testng.SuiteRunner.privateRun(SuiteRunner.java:373)
at org.testng.SuiteRunner.run(SuiteRunner.java:312)
at org.testng.SuiteRunnerWorker.runSuite(SuiteRunnerWorker.java:52)
at org.testng.SuiteRunnerWorker.run(SuiteRunnerWorker.java:95)
at org.testng.TestNG.runSuitesSequentially(TestNG.java:1274)
at org.testng.TestNG.runSuitesLocally(TestNG.java:1208)
at org.testng.TestNG.runSuites(TestNG.java:1112)
at org.testng.TestNG.run(TestNG.java:1079)
at org.testng.remote.AbstractRemoteTestNG.run(AbstractRemoteTestNG.java:115)
at org.testng.remote.RemoteTestNG.initAndRun(RemoteTestNG.java:293)
at org.testng.remote.RemoteTestNG.main(RemoteTestNG.java:91)
]]>
            </full-stacktrace>
          </exception> <!-- org.openqa.selenium.InvalidSelectorException -->
          <reporter-output>
          </reporter-output>
        </test-method> <!-- ValidateLogin -->
        <test-method is-config="true" signature="closingBrowser()[pri:0, instance:tests.TC_003ValidateValidLoginData@1ff4931d]" started-at="2025-04-29T11:11:21 IST" name="closingBrowser" finished-at="2025-04-29T11:11:21 IST" duration-ms="31" status="PASS">
          <reporter-output>
          </reporter-output>
        </test-method> <!-- closingBrowser -->
      </class> <!-- tests.TC_003ValidateValidLoginData -->
      <class name="tests.TC_009ValidateBookAHotel">
        <test-method is-config="true" signature="setup()[pri:0, instance:tests.TC_009ValidateBookAHotel@8297b3a]" started-at="2025-04-29T11:07:35 IST" name="setup" finished-at="2025-04-29T11:07:35 IST" duration-ms="0" status="PASS">
          <reporter-output>
          </reporter-output>
        </test-method> <!-- setup -->
        <test-method is-config="true" signature="testDetails()[pri:0, instance:tests.TC_009ValidateBookAHotel@8297b3a]" started-at="2025-04-29T11:12:05 IST" name="testDetails" finished-at="2025-04-29T11:12:05 IST" duration-ms="0" status="PASS">
          <reporter-output>
          </reporter-output>
        </test-method> <!-- testDetails -->
        <test-method is-config="true" signature="LauchingAndLoadingURL()[pri:0, instance:tests.TC_009ValidateBookAHotel@8297b3a]" started-at="2025-04-29T11:12:05 IST" name="LauchingAndLoadingURL" finished-at="2025-04-29T11:12:07 IST" duration-ms="1820" status="PASS">
          <reporter-output>
          </reporter-output>
        </test-method> <!-- LauchingAndLoadingURL -->
        <test-method signature="BookingHotelsTest(java.lang.String,java.lang.String,java.lang.String,java.lang.String,java.lang.String,java.lang.String,java.lang.String,java.lang.String,java.lang.String,java.lang.String,java.lang.String)[pri:0, instance:tests.TC_009ValidateBookAHotel@8297b3a]" started-at="2025-04-29T11:12:07 IST" name="BookingHotelsTest" data-provider="readData" finished-at="2025-04-29T11:12:14 IST" duration-ms="7026" status="PASS">
          <params>
            <param index="0">
              <value>
                <![CDATA[RamAdmin1]]>
              </value>
            </param>
            <param index="1">
              <value>
                <![CDATA[Ram@1234]]>
              </value>
            </param>
            <param index="2">
              <value>
                <![CDATA[15-04-2025]]>
              </value>
            </param>
            <param index="3">
              <value>
                <![CDATA[16-04-2025]]>
              </value>
            </param>
            <param index="4">
              <value>
                <![CDATA[]]>
              </value>
            </param>
            <param index="5">
              <value>
                <![CDATA[Demetrius]]>
              </value>
            </param>
            <param index="6">
              <value>
                <![CDATA[Chennai,TamilNadu]]>
              </value>
            </param>
            <param index="7">
              <value>
                <![CDATA[5642239548751548]]>
              </value>
            </param>
            <param index="8">
              <value>
                <![CDATA[456]]>
              </value>
            </param>
            <param index="9">
              <value>
                <![CDATA[FirstNameISEmpty]]>
              </value>
            </param>
            <param index="10">
              <value>
                <![CDATA[Please Enter your First Name]]>
              </value>
            </param>
          </params>
          <reporter-output>
          </reporter-output>
        </test-method> <!-- BookingHotelsTest -->
        <test-method is-config="true" signature="closingBrowser()[pri:0, instance:tests.TC_009ValidateBookAHotel@8297b3a]" started-at="2025-04-29T11:12:14 IST" name="closingBrowser" finished-at="2025-04-29T11:12:14 IST" duration-ms="76" status="PASS">
          <reporter-output>
          </reporter-output>
        </test-method> <!-- closingBrowser -->
        <test-method is-config="true" signature="LauchingAndLoadingURL()[pri:0, instance:tests.TC_009ValidateBookAHotel@8297b3a]" started-at="2025-04-29T11:12:14 IST" name="LauchingAndLoadingURL" finished-at="2025-04-29T11:12:15 IST" duration-ms="1846" status="PASS">
          <reporter-output>
          </reporter-output>
        </test-method> <!-- LauchingAndLoadingURL -->
        <test-method signature="BookingHotelsTest(java.lang.String,java.lang.String,java.lang.String,java.lang.String,java.lang.String,java.lang.String,java.lang.String,java.lang.String,java.lang.String,java.lang.String,java.lang.String)[pri:0, instance:tests.TC_009ValidateBookAHotel@8297b3a]" started-at="2025-04-29T11:12:15 IST" name="BookingHotelsTest" data-provider="readData" finished-at="2025-04-29T11:12:22 IST" duration-ms="7024" status="PASS">
          <params>
            <param index="0">
              <value>
                <![CDATA[RamAdmin1]]>
              </value>
            </param>
            <param index="1">
              <value>
                <![CDATA[Ram@1234]]>
              </value>
            </param>
            <param index="2">
              <value>
                <![CDATA[16-04-2025]]>
              </value>
            </param>
            <param index="3">
              <value>
                <![CDATA[17-05-2025]]>
              </value>
            </param>
            <param index="4">
              <value>
                <![CDATA[Joyson]]>
              </value>
            </param>
            <param index="5">
              <value>
                <![CDATA[]]>
              </value>
            </param>
            <param index="6">
              <value>
                <![CDATA[Chennai,TamilNadu]]>
              </value>
            </param>
            <param index="7">
              <value>
                <![CDATA[5642239548751548]]>
              </value>
            </param>
            <param index="8">
              <value>
                <![CDATA[456]]>
              </value>
            </param>
            <param index="9">
              <value>
                <![CDATA[LastNameISEmpty]]>
              </value>
            </param>
            <param index="10">
              <value>
                <![CDATA[Please Enter you Last Name]]>
              </value>
            </param>
          </params>
          <reporter-output>
          </reporter-output>
        </test-method> <!-- BookingHotelsTest -->
        <test-method is-config="true" signature="closingBrowser()[pri:0, instance:tests.TC_009ValidateBookAHotel@8297b3a]" started-at="2025-04-29T11:12:22 IST" name="closingBrowser" finished-at="2025-04-29T11:12:23 IST" duration-ms="38" status="PASS">
          <reporter-output>
          </reporter-output>
        </test-method> <!-- closingBrowser -->
        <test-method is-config="true" signature="LauchingAndLoadingURL()[pri:0, instance:tests.TC_009ValidateBookAHotel@8297b3a]" started-at="2025-04-29T11:12:23 IST" name="LauchingAndLoadingURL" finished-at="2025-04-29T11:12:24 IST" duration-ms="1850" status="PASS">
          <reporter-output>
          </reporter-output>
        </test-method> <!-- LauchingAndLoadingURL -->
        <test-method signature="BookingHotelsTest(java.lang.String,java.lang.String,java.lang.String,java.lang.String,java.lang.String,java.lang.String,java.lang.String,java.lang.String,java.lang.String,java.lang.String,java.lang.String)[pri:0, instance:tests.TC_009ValidateBookAHotel@8297b3a]" started-at="2025-04-29T11:12:24 IST" name="BookingHotelsTest" data-provider="readData" finished-at="2025-04-29T11:12:31 IST" duration-ms="7049" status="PASS">
          <params>
            <param index="0">
              <value>
                <![CDATA[RamAdmin1]]>
              </value>
            </param>
            <param index="1">
              <value>
                <![CDATA[Ram@1234]]>
              </value>
            </param>
            <param index="2">
              <value>
                <![CDATA[20-04-2025]]>
              </value>
            </param>
            <param index="3">
              <value>
                <![CDATA[24-04-2025]]>
              </value>
            </param>
            <param index="4">
              <value>
                <![CDATA[Joyson]]>
              </value>
            </param>
            <param index="5">
              <value>
                <![CDATA[Demetrius]]>
              </value>
            </param>
            <param index="6">
              <value>
                <![CDATA[]]>
              </value>
            </param>
            <param index="7">
              <value>
                <![CDATA[5642239548751548]]>
              </value>
            </param>
            <param index="8">
              <value>
                <![CDATA[456]]>
              </value>
            </param>
            <param index="9">
              <value>
                <![CDATA[AddressIsEmpty]]>
              </value>
            </param>
            <param index="10">
              <value>
                <![CDATA[Please Enter your Address]]>
              </value>
            </param>
          </params>
          <reporter-output>
          </reporter-output>
        </test-method> <!-- BookingHotelsTest -->
        <test-method is-config="true" signature="closingBrowser()[pri:0, instance:tests.TC_009ValidateBookAHotel@8297b3a]" started-at="2025-04-29T11:12:31 IST" name="closingBrowser" finished-at="2025-04-29T11:12:31 IST" duration-ms="37" status="PASS">
          <reporter-output>
          </reporter-output>
        </test-method> <!-- closingBrowser -->
        <test-method is-config="true" signature="LauchingAndLoadingURL()[pri:0, instance:tests.TC_009ValidateBookAHotel@8297b3a]" started-at="2025-04-29T11:12:31 IST" name="LauchingAndLoadingURL" finished-at="2025-04-29T11:12:33 IST" duration-ms="1868" status="PASS">
          <reporter-output>
          </reporter-output>
        </test-method> <!-- LauchingAndLoadingURL -->
        <test-method signature="BookingHotelsTest(java.lang.String,java.lang.String,java.lang.String,java.lang.String,java.lang.String,java.lang.String,java.lang.String,java.lang.String,java.lang.String,java.lang.String,java.lang.String)[pri:0, instance:tests.TC_009ValidateBookAHotel@8297b3a]" started-at="2025-04-29T11:12:33 IST" name="BookingHotelsTest" data-provider="readData" finished-at="2025-04-29T11:12:40 IST" duration-ms="6874" status="PASS">
          <params>
            <param index="0">
              <value>
                <![CDATA[RamAdmin1]]>
              </value>
            </param>
            <param index="1">
              <value>
                <![CDATA[Ram@1234]]>
              </value>
            </param>
            <param index="2">
              <value>
                <![CDATA[26-04-2025]]>
              </value>
            </param>
            <param index="3">
              <value>
                <![CDATA[27-04-2025]]>
              </value>
            </param>
            <param index="4">
              <value>
                <![CDATA[Joyson]]>
              </value>
            </param>
            <param index="5">
              <value>
                <![CDATA[Demetrius]]>
              </value>
            </param>
            <param index="6">
              <value>
                <![CDATA[Chennai,TamilNadu]]>
              </value>
            </param>
            <param index="7">
              <value>
                <![CDATA[56422]]>
              </value>
            </param>
            <param index="8">
              <value>
                <![CDATA[456]]>
              </value>
            </param>
            <param index="9">
              <value>
                <![CDATA[CArdNo.IsEmpty]]>
              </value>
            </param>
            <param index="10">
              <value>
                <![CDATA[Please Enter your 16 Digit Credit Card Number]]>
              </value>
            </param>
          </params>
          <reporter-output>
          </reporter-output>
        </test-method> <!-- BookingHotelsTest -->
        <test-method is-config="true" signature="closingBrowser()[pri:0, instance:tests.TC_009ValidateBookAHotel@8297b3a]" started-at="2025-04-29T11:12:40 IST" name="closingBrowser" finished-at="2025-04-29T11:12:40 IST" duration-ms="36" status="PASS">
          <reporter-output>
          </reporter-output>
        </test-method> <!-- closingBrowser -->
        <test-method is-config="true" signature="LauchingAndLoadingURL()[pri:0, instance:tests.TC_009ValidateBookAHotel@8297b3a]" started-at="2025-04-29T11:12:40 IST" name="LauchingAndLoadingURL" finished-at="2025-04-29T11:12:42 IST" duration-ms="1865" status="PASS">
          <reporter-output>
          </reporter-output>
        </test-method> <!-- LauchingAndLoadingURL -->
        <test-method signature="BookingHotelsTest(java.lang.String,java.lang.String,java.lang.String,java.lang.String,java.lang.String,java.lang.String,java.lang.String,java.lang.String,java.lang.String,java.lang.String,java.lang.String)[pri:0, instance:tests.TC_009ValidateBookAHotel@8297b3a]" started-at="2025-04-29T11:12:42 IST" name="BookingHotelsTest" data-provider="readData" finished-at="2025-04-29T11:12:49 IST" duration-ms="6913" status="PASS">
          <params>
            <param index="0">
              <value>
                <![CDATA[RamAdmin1]]>
              </value>
            </param>
            <param index="1">
              <value>
                <![CDATA[Ram@1234]]>
              </value>
            </param>
            <param index="2">
              <value>
                <![CDATA[30-04-2025]]>
              </value>
            </param>
            <param index="3">
              <value>
                <![CDATA[02-05-2025]]>
              </value>
            </param>
            <param index="4">
              <value>
                <![CDATA[Joyson]]>
              </value>
            </param>
            <param index="5">
              <value>
                <![CDATA[Demetrius]]>
              </value>
            </param>
            <param index="6">
              <value>
                <![CDATA[Chennai,TamilNadu]]>
              </value>
            </param>
            <param index="7">
              <value>
                <![CDATA[5642239548751548]]>
              </value>
            </param>
            <param index="8">
              <value>
                <![CDATA[456]]>
              </value>
            </param>
            <param index="9">
              <value>
                <![CDATA[UnselectedCreditCardType]]>
              </value>
            </param>
            <param index="10">
              <value>
                <![CDATA[Please Select your Credit Card Type]]>
              </value>
            </param>
          </params>
          <reporter-output>
          </reporter-output>
        </test-method> <!-- BookingHotelsTest -->
        <test-method is-config="true" signature="closingBrowser()[pri:0, instance:tests.TC_009ValidateBookAHotel@8297b3a]" started-at="2025-04-29T11:12:49 IST" name="closingBrowser" finished-at="2025-04-29T11:12:49 IST" duration-ms="41" status="PASS">
          <reporter-output>
          </reporter-output>
        </test-method> <!-- closingBrowser -->
        <test-method is-config="true" signature="LauchingAndLoadingURL()[pri:0, instance:tests.TC_009ValidateBookAHotel@8297b3a]" started-at="2025-04-29T11:12:49 IST" name="LauchingAndLoadingURL" finished-at="2025-04-29T11:12:51 IST" duration-ms="1879" status="PASS">
          <reporter-output>
          </reporter-output>
        </test-method> <!-- LauchingAndLoadingURL -->
        <test-method signature="BookingHotelsTest(java.lang.String,java.lang.String,java.lang.String,java.lang.String,java.lang.String,java.lang.String,java.lang.String,java.lang.String,java.lang.String,java.lang.String,java.lang.String)[pri:0, instance:tests.TC_009ValidateBookAHotel@8297b3a]" started-at="2025-04-29T11:12:51 IST" name="BookingHotelsTest" data-provider="readData" finished-at="2025-04-29T11:12:58 IST" duration-ms="7030" status="PASS">
          <params>
            <param index="0">
              <value>
                <![CDATA[RamAdmin1]]>
              </value>
            </param>
            <param index="1">
              <value>
                <![CDATA[Ram@1234]]>
              </value>
            </param>
            <param index="2">
              <value>
                <![CDATA[04-05-2025]]>
              </value>
            </param>
            <param index="3">
              <value>
                <![CDATA[05-05-2025]]>
              </value>
            </param>
            <param index="4">
              <value>
                <![CDATA[Joyson]]>
              </value>
            </param>
            <param index="5">
              <value>
                <![CDATA[Demetrius]]>
              </value>
            </param>
            <param index="6">
              <value>
                <![CDATA[Chennai,TamilNadu]]>
              </value>
            </param>
            <param index="7">
              <value>
                <![CDATA[5642239548751548]]>
              </value>
            </param>
            <param index="8">
              <value>
                <![CDATA[456]]>
              </value>
            </param>
            <param index="9">
              <value>
                <![CDATA[UnselectdExpiryMonth]]>
              </value>
            </param>
            <param index="10">
              <value>
                <![CDATA[Please Select your Credit Card Expiry Month]]>
              </value>
            </param>
          </params>
          <reporter-output>
          </reporter-output>
        </test-method> <!-- BookingHotelsTest -->
        <test-method is-config="true" signature="closingBrowser()[pri:0, instance:tests.TC_009ValidateBookAHotel@8297b3a]" started-at="2025-04-29T11:12:58 IST" name="closingBrowser" finished-at="2025-04-29T11:12:58 IST" duration-ms="38" status="PASS">
          <reporter-output>
          </reporter-output>
        </test-method> <!-- closingBrowser -->
        <test-method is-config="true" signature="LauchingAndLoadingURL()[pri:0, instance:tests.TC_009ValidateBookAHotel@8297b3a]" started-at="2025-04-29T11:12:58 IST" name="LauchingAndLoadingURL" finished-at="2025-04-29T11:13:00 IST" duration-ms="1890" status="PASS">
          <reporter-output>
          </reporter-output>
        </test-method> <!-- LauchingAndLoadingURL -->
        <test-method signature="BookingHotelsTest(java.lang.String,java.lang.String,java.lang.String,java.lang.String,java.lang.String,java.lang.String,java.lang.String,java.lang.String,java.lang.String,java.lang.String,java.lang.String)[pri:0, instance:tests.TC_009ValidateBookAHotel@8297b3a]" started-at="2025-04-29T11:13:00 IST" name="BookingHotelsTest" data-provider="readData" finished-at="2025-04-29T11:13:07 IST" duration-ms="7095" status="PASS">
          <params>
            <param index="0">
              <value>
                <![CDATA[RamAdmin1]]>
              </value>
            </param>
            <param index="1">
              <value>
                <![CDATA[Ram@1234]]>
              </value>
            </param>
            <param index="2">
              <value>
                <![CDATA[07-05-2025]]>
              </value>
            </param>
            <param index="3">
              <value>
                <![CDATA[08-05-2025]]>
              </value>
            </param>
            <param index="4">
              <value>
                <![CDATA[Joyson]]>
              </value>
            </param>
            <param index="5">
              <value>
                <![CDATA[Demetrius]]>
              </value>
            </param>
            <param index="6">
              <value>
                <![CDATA[Chennai,TamilNadu]]>
              </value>
            </param>
            <param index="7">
              <value>
                <![CDATA[5642239548751548]]>
              </value>
            </param>
            <param index="8">
              <value>
                <![CDATA[]]>
              </value>
            </param>
            <param index="9">
              <value>
                <![CDATA[CVVNo.ISEmpty]]>
              </value>
            </param>
            <param index="10">
              <value>
                <![CDATA[Please Enter your Credit Card CVV Number]]>
              </value>
            </param>
          </params>
          <reporter-output>
          </reporter-output>
        </test-method> <!-- BookingHotelsTest -->
        <test-method is-config="true" signature="closingBrowser()[pri:0, instance:tests.TC_009ValidateBookAHotel@8297b3a]" started-at="2025-04-29T11:13:07 IST" name="closingBrowser" finished-at="2025-04-29T11:13:07 IST" duration-ms="33" status="PASS">
          <reporter-output>
          </reporter-output>
        </test-method> <!-- closingBrowser -->
      </class> <!-- tests.TC_009ValidateBookAHotel -->
      <class name="tests.TC_006SelectHotelstest">
        <test-method is-config="true" signature="setup()[pri:0, instance:tests.TC_006SelectHotelstest@6ad82709]" started-at="2025-04-29T11:07:35 IST" name="setup" finished-at="2025-04-29T11:07:35 IST" duration-ms="0" status="PASS">
          <reporter-output>
          </reporter-output>
        </test-method> <!-- setup -->
        <test-method is-config="true" signature="testDetails()[pri:0, instance:tests.TC_006SelectHotelstest@6ad82709]" started-at="2025-04-29T11:11:34 IST" name="testDetails" finished-at="2025-04-29T11:11:34 IST" duration-ms="0" status="PASS">
          <reporter-output>
          </reporter-output>
        </test-method> <!-- testDetails -->
        <test-method is-config="true" signature="LauchingAndLoadingURL()[pri:0, instance:tests.TC_006SelectHotelstest@6ad82709]" started-at="2025-04-29T11:11:34 IST" name="LauchingAndLoadingURL" finished-at="2025-04-29T11:11:36 IST" duration-ms="1905" status="PASS">
          <reporter-output>
          </reporter-output>
        </test-method> <!-- LauchingAndLoadingURL -->
        <test-method signature="BookingHotelsTest(java.lang.String,java.lang.String,java.lang.String,java.lang.String,java.lang.String,java.lang.String,java.lang.String,java.lang.String,java.lang.String,java.lang.String)[pri:0, instance:tests.TC_006SelectHotelstest@6ad82709]" started-at="2025-04-29T11:11:36 IST" name="BookingHotelsTest" data-provider="readData" finished-at="2025-04-29T11:11:37 IST" duration-ms="1300" status="FAIL">
          <params>
            <param index="0">
              <value>
                <![CDATA[RamAdmin1]]>
              </value>
            </param>
            <param index="1">
              <value>
                <![CDATA[Ram@1234]]>
              </value>
            </param>
            <param index="2">
              <value>
                <![CDATA[15-04-2025]]>
              </value>
            </param>
            <param index="3">
              <value>
                <![CDATA[16-04-2025]]>
              </value>
            </param>
            <param index="4">
              <value>
                <![CDATA[Joyson]]>
              </value>
            </param>
            <param index="5">
              <value>
                <![CDATA[Demetrius]]>
              </value>
            </param>
            <param index="6">
              <value>
                <![CDATA[Chennai]]>
              </value>
            </param>
            <param index="7">
              <value>
                <![CDATA[5642239548751548]]>
              </value>
            </param>
            <param index="8">
              <value>
                <![CDATA[456]]>
              </value>
            </param>
            <param index="9">
              <value>
                <![CDATA[FirstBooking]]>
              </value>
            </param>
          </params>
          <exception class="org.openqa.selenium.StaleElementReferenceException">
            <message>
              <![CDATA[stale element reference: stale element not found
  (Session info: chrome=135.0.7049.115)
For documentation on this error, please visit: https://www.selenium.dev/documentation/webdriver/troubleshooting/errors#stale-element-reference-exception
Build info: version: '4.31.0', revision: '1ef9f18787*'
System info: os.name: 'Windows 10', os.arch: 'amd64', os.version: '10.0', java.version: '21.0.6'
Driver info: org.openqa.selenium.chrome.ChromeDriver
Command: [257bed1746e0f79b7825c6beb019fa1d, getElementText {id=f.EC216A86CD1B3F7AA1B02E40A4B68DB4.d.54750D1DB08720C6C65B12E9728AC986.e.76}]
Capabilities {acceptInsecureCerts: false, browserName: chrome, browserVersion: 135.0.7049.115, chrome: {chromedriverVersion: 135.0.7049.114 (63fd8a7d9d0..., userDataDir: C:\Users\ADMIN\AppData\Loca...}, fedcm:accounts: true, goog:chromeOptions: {debuggerAddress: localhost:63741}, networkConnectionEnabled: false, pageLoadStrategy: normal, platformName: windows, proxy: Proxy(), se:cdp: ws://localhost:63741/devtoo..., se:cdpVersion: 135.0.7049.115, setWindowRect: true, strictFileInteractability: false, timeouts: {implicit: 0, pageLoad: 300000, script: 30000}, unhandledPromptBehavior: dismiss and notify, webauthn:extension:credBlob: true, webauthn:extension:largeBlob: true, webauthn:extension:minPinLength: true, webauthn:extension:prf: true, webauthn:virtualAuthenticators: true}
Element: [[ChromeDriver: chrome on windows (257bed1746e0f79b7825c6beb019fa1d)] -> xpath: (//td[@class='welcome_menu'])[1]]
Session ID: 257bed1746e0f79b7825c6beb019fa1d]]>
            </message>
            <full-stacktrace>
              <![CDATA[org.openqa.selenium.StaleElementReferenceException: stale element reference: stale element not found
  (Session info: chrome=135.0.7049.115)
For documentation on this error, please visit: https://www.selenium.dev/documentation/webdriver/troubleshooting/errors#stale-element-reference-exception
Build info: version: '4.31.0', revision: '1ef9f18787*'
System info: os.name: 'Windows 10', os.arch: 'amd64', os.version: '10.0', java.version: '21.0.6'
Driver info: org.openqa.selenium.chrome.ChromeDriver
Command: [257bed1746e0f79b7825c6beb019fa1d, getElementText {id=f.EC216A86CD1B3F7AA1B02E40A4B68DB4.d.54750D1DB08720C6C65B12E9728AC986.e.76}]
Capabilities {acceptInsecureCerts: false, browserName: chrome, browserVersion: 135.0.7049.115, chrome: {chromedriverVersion: 135.0.7049.114 (63fd8a7d9d0..., userDataDir: C:\Users\ADMIN\AppData\Loca...}, fedcm:accounts: true, goog:chromeOptions: {debuggerAddress: localhost:63741}, networkConnectionEnabled: false, pageLoadStrategy: normal, platformName: windows, proxy: Proxy(), se:cdp: ws://localhost:63741/devtoo..., se:cdpVersion: 135.0.7049.115, setWindowRect: true, strictFileInteractability: false, timeouts: {implicit: 0, pageLoad: 300000, script: 30000}, unhandledPromptBehavior: dismiss and notify, webauthn:extension:credBlob: true, webauthn:extension:largeBlob: true, webauthn:extension:minPinLength: true, webauthn:extension:prf: true, webauthn:virtualAuthenticators: true}
Element: [[ChromeDriver: chrome on windows (257bed1746e0f79b7825c6beb019fa1d)] -> xpath: (//td[@class='welcome_menu'])[1]]
Session ID: 257bed1746e0f79b7825c6beb019fa1d
at java.base/jdk.internal.reflect.DirectConstructorHandleAccessor.newInstance(DirectConstructorHandleAccessor.java:62)
at java.base/java.lang.reflect.Constructor.newInstanceWithCaller(Constructor.java:502)
at java.base/java.lang.reflect.Constructor.newInstance(Constructor.java:486)
at org.openqa.selenium.remote.ErrorCodec.decode(ErrorCodec.java:167)
at org.openqa.selenium.remote.codec.w3c.W3CHttpResponseCodec.decode(W3CHttpResponseCodec.java:138)
at org.openqa.selenium.remote.codec.w3c.W3CHttpResponseCodec.decode(W3CHttpResponseCodec.java:50)
at org.openqa.selenium.remote.HttpCommandExecutor.execute(HttpCommandExecutor.java:215)
at org.openqa.selenium.remote.service.DriverCommandExecutor.invokeExecute(DriverCommandExecutor.java:216)
at org.openqa.selenium.remote.service.DriverCommandExecutor.execute(DriverCommandExecutor.java:174)
at org.openqa.selenium.remote.RemoteWebDriver.execute(RemoteWebDriver.java:545)
at org.openqa.selenium.remote.RemoteWebElement.execute(RemoteWebElement.java:223)
at org.openqa.selenium.remote.RemoteWebElement.getText(RemoteWebElement.java:191)
at java.base/jdk.internal.reflect.DirectMethodHandleAccessor.invoke(DirectMethodHandleAccessor.java:103)
at java.base/java.lang.reflect.Method.invoke(Method.java:580)
at org.openqa.selenium.support.pagefactory.internal.LocatingElementHandler.invoke(LocatingElementHandler.java:51)
at jdk.proxy2/jdk.proxy2.$Proxy19.getText(Unknown Source)
at pages.SelectHotelPage.WelcomeMenu(SelectHotelPage.java:29)
at tests.TC_006SelectHotelstest.BookingHotelsTest(TC_006SelectHotelstest.java:43)
at java.base/jdk.internal.reflect.DirectMethodHandleAccessor.invoke(DirectMethodHandleAccessor.java:103)
at java.base/java.lang.reflect.Method.invoke(Method.java:580)
at org.testng.internal.invokers.MethodInvocationHelper.invokeMethod(MethodInvocationHelper.java:141)
at org.testng.internal.invokers.TestInvoker.invokeMethod(TestInvoker.java:687)
at org.testng.internal.invokers.TestInvoker.invokeTestMethod(TestInvoker.java:230)
at org.testng.internal.invokers.MethodRunner.runInSequence(MethodRunner.java:63)
at org.testng.internal.invokers.TestInvoker$MethodInvocationAgent.invoke(TestInvoker.java:995)
at org.testng.internal.invokers.TestInvoker.invokeTestMethods(TestInvoker.java:203)
at org.testng.internal.invokers.TestMethodWorker.invokeTestMethods(TestMethodWorker.java:154)
at org.testng.internal.invokers.TestMethodWorker.run(TestMethodWorker.java:134)
at java.base/java.util.ArrayList.forEach(ArrayList.java:1596)
at org.testng.TestRunner.privateRun(TestRunner.java:741)
at org.testng.TestRunner.run(TestRunner.java:616)
at org.testng.SuiteRunner.runTest(SuiteRunner.java:421)
at org.testng.SuiteRunner.runSequentially(SuiteRunner.java:413)
at org.testng.SuiteRunner.privateRun(SuiteRunner.java:373)
at org.testng.SuiteRunner.run(SuiteRunner.java:312)
at org.testng.SuiteRunnerWorker.runSuite(SuiteRunnerWorker.java:52)
at org.testng.SuiteRunnerWorker.run(SuiteRunnerWorker.java:95)
at org.testng.TestNG.runSuitesSequentially(TestNG.java:1274)
at org.testng.TestNG.runSuitesLocally(TestNG.java:1208)
at org.testng.TestNG.runSuites(TestNG.java:1112)
at org.testng.TestNG.run(TestNG.java:1079)
at org.testng.remote.AbstractRemoteTestNG.run(AbstractRemoteTestNG.java:115)
at org.testng.remote.RemoteTestNG.initAndRun(RemoteTestNG.java:293)
at org.testng.remote.RemoteTestNG.main(RemoteTestNG.java:91)
]]>
            </full-stacktrace>
          </exception> <!-- org.openqa.selenium.StaleElementReferenceException -->
          <reporter-output>
          </reporter-output>
        </test-method> <!-- BookingHotelsTest -->
        <test-method is-config="true" signature="closingBrowser()[pri:0, instance:tests.TC_006SelectHotelstest@6ad82709]" started-at="2025-04-29T11:11:37 IST" name="closingBrowser" finished-at="2025-04-29T11:11:37 IST" duration-ms="32" status="PASS">
          <reporter-output>
          </reporter-output>
        </test-method> <!-- closingBrowser -->
        <test-method is-config="true" signature="LauchingAndLoadingURL()[pri:0, instance:tests.TC_006SelectHotelstest@6ad82709]" started-at="2025-04-29T11:11:37 IST" name="LauchingAndLoadingURL" finished-at="2025-04-29T11:11:39 IST" duration-ms="1849" status="PASS">
          <reporter-output>
          </reporter-output>
        </test-method> <!-- LauchingAndLoadingURL -->
        <test-method signature="BookingHotelsTest(java.lang.String,java.lang.String,java.lang.String,java.lang.String,java.lang.String,java.lang.String,java.lang.String,java.lang.String,java.lang.String,java.lang.String)[pri:0, instance:tests.TC_006SelectHotelstest@6ad82709]" started-at="2025-04-29T11:11:39 IST" name="BookingHotelsTest" data-provider="readData" finished-at="2025-04-29T11:11:52 IST" duration-ms="12339" status="PASS">
          <params>
            <param index="0">
              <value>
                <![CDATA[RamAdmin1]]>
              </value>
            </param>
            <param index="1">
              <value>
                <![CDATA[Ram@1234]]>
              </value>
            </param>
            <param index="2">
              <value>
                <![CDATA[16-04-2025]]>
              </value>
            </param>
            <param index="3">
              <value>
                <![CDATA[17-05-2025]]>
              </value>
            </param>
            <param index="4">
              <value>
                <![CDATA[Aravind]]>
              </value>
            </param>
            <param index="5">
              <value>
                <![CDATA[P]]>
              </value>
            </param>
            <param index="6">
              <value>
                <![CDATA[Nagore]]>
              </value>
            </param>
            <param index="7">
              <value>
                <![CDATA[5642239548751548]]>
              </value>
            </param>
            <param index="8">
              <value>
                <![CDATA[456]]>
              </value>
            </param>
            <param index="9">
              <value>
                <![CDATA[SeconBooking]]>
              </value>
            </param>
          </params>
          <reporter-output>
          </reporter-output>
        </test-method> <!-- BookingHotelsTest -->
        <test-method is-config="true" signature="closingBrowser()[pri:0, instance:tests.TC_006SelectHotelstest@6ad82709]" started-at="2025-04-29T11:11:52 IST" name="closingBrowser" finished-at="2025-04-29T11:11:52 IST" duration-ms="37" status="PASS">
          <reporter-output>
          </reporter-output>
        </test-method> <!-- closingBrowser -->
        <test-method is-config="true" signature="LauchingAndLoadingURL()[pri:0, instance:tests.TC_006SelectHotelstest@6ad82709]" started-at="2025-04-29T11:11:52 IST" name="LauchingAndLoadingURL" finished-at="2025-04-29T11:11:53 IST" duration-ms="1849" status="PASS">
          <reporter-output>
          </reporter-output>
        </test-method> <!-- LauchingAndLoadingURL -->
        <test-method signature="BookingHotelsTest(java.lang.String,java.lang.String,java.lang.String,java.lang.String,java.lang.String,java.lang.String,java.lang.String,java.lang.String,java.lang.String,java.lang.String)[pri:0, instance:tests.TC_006SelectHotelstest@6ad82709]" started-at="2025-04-29T11:11:53 IST" name="BookingHotelsTest" data-provider="readData" finished-at="2025-04-29T11:11:55 IST" duration-ms="1304" status="FAIL">
          <params>
            <param index="0">
              <value>
                <![CDATA[RamAdmin1]]>
              </value>
            </param>
            <param index="1">
              <value>
                <![CDATA[Ram@1234]]>
              </value>
            </param>
            <param index="2">
              <value>
                <![CDATA[20-04-2025]]>
              </value>
            </param>
            <param index="3">
              <value>
                <![CDATA[24-04-2025]]>
              </value>
            </param>
            <param index="4">
              <value>
                <![CDATA[Aakash]]>
              </value>
            </param>
            <param index="5">
              <value>
                <![CDATA[Sivakumar]]>
              </value>
            </param>
            <param index="6">
              <value>
                <![CDATA[Erode]]>
              </value>
            </param>
            <param index="7">
              <value>
                <![CDATA[5642239548751548]]>
              </value>
            </param>
            <param index="8">
              <value>
                <![CDATA[456]]>
              </value>
            </param>
            <param index="9">
              <value>
                <![CDATA[ThirdBooking]]>
              </value>
            </param>
          </params>
          <exception class="org.openqa.selenium.StaleElementReferenceException">
            <message>
              <![CDATA[stale element reference: stale element not found
  (Session info: chrome=135.0.7049.115)
For documentation on this error, please visit: https://www.selenium.dev/documentation/webdriver/troubleshooting/errors#stale-element-reference-exception
Build info: version: '4.31.0', revision: '1ef9f18787*'
System info: os.name: 'Windows 10', os.arch: 'amd64', os.version: '10.0', java.version: '21.0.6'
Driver info: org.openqa.selenium.chrome.ChromeDriver
Command: [97d1935f976b1f153d2485e766f0742f, getElementText {id=f.4E0CDD808B21E7F425201618407F5BCE.d.73A156D78ECFB49D6494CB7904C9A04F.e.77}]
Capabilities {acceptInsecureCerts: false, browserName: chrome, browserVersion: 135.0.7049.115, chrome: {chromedriverVersion: 135.0.7049.114 (63fd8a7d9d0..., userDataDir: C:\Users\ADMIN\AppData\Loca...}, fedcm:accounts: true, goog:chromeOptions: {debuggerAddress: localhost:63794}, networkConnectionEnabled: false, pageLoadStrategy: normal, platformName: windows, proxy: Proxy(), se:cdp: ws://localhost:63794/devtoo..., se:cdpVersion: 135.0.7049.115, setWindowRect: true, strictFileInteractability: false, timeouts: {implicit: 0, pageLoad: 300000, script: 30000}, unhandledPromptBehavior: dismiss and notify, webauthn:extension:credBlob: true, webauthn:extension:largeBlob: true, webauthn:extension:minPinLength: true, webauthn:extension:prf: true, webauthn:virtualAuthenticators: true}
Element: [[ChromeDriver: chrome on windows (97d1935f976b1f153d2485e766f0742f)] -> xpath: (//td[@class='welcome_menu'])[1]]
Session ID: 97d1935f976b1f153d2485e766f0742f]]>
            </message>
            <full-stacktrace>
              <![CDATA[org.openqa.selenium.StaleElementReferenceException: stale element reference: stale element not found
  (Session info: chrome=135.0.7049.115)
For documentation on this error, please visit: https://www.selenium.dev/documentation/webdriver/troubleshooting/errors#stale-element-reference-exception
Build info: version: '4.31.0', revision: '1ef9f18787*'
System info: os.name: 'Windows 10', os.arch: 'amd64', os.version: '10.0', java.version: '21.0.6'
Driver info: org.openqa.selenium.chrome.ChromeDriver
Command: [97d1935f976b1f153d2485e766f0742f, getElementText {id=f.4E0CDD808B21E7F425201618407F5BCE.d.73A156D78ECFB49D6494CB7904C9A04F.e.77}]
Capabilities {acceptInsecureCerts: false, browserName: chrome, browserVersion: 135.0.7049.115, chrome: {chromedriverVersion: 135.0.7049.114 (63fd8a7d9d0..., userDataDir: C:\Users\ADMIN\AppData\Loca...}, fedcm:accounts: true, goog:chromeOptions: {debuggerAddress: localhost:63794}, networkConnectionEnabled: false, pageLoadStrategy: normal, platformName: windows, proxy: Proxy(), se:cdp: ws://localhost:63794/devtoo..., se:cdpVersion: 135.0.7049.115, setWindowRect: true, strictFileInteractability: false, timeouts: {implicit: 0, pageLoad: 300000, script: 30000}, unhandledPromptBehavior: dismiss and notify, webauthn:extension:credBlob: true, webauthn:extension:largeBlob: true, webauthn:extension:minPinLength: true, webauthn:extension:prf: true, webauthn:virtualAuthenticators: true}
Element: [[ChromeDriver: chrome on windows (97d1935f976b1f153d2485e766f0742f)] -> xpath: (//td[@class='welcome_menu'])[1]]
Session ID: 97d1935f976b1f153d2485e766f0742f
at java.base/jdk.internal.reflect.DirectConstructorHandleAccessor.newInstance(DirectConstructorHandleAccessor.java:62)
at java.base/java.lang.reflect.Constructor.newInstanceWithCaller(Constructor.java:502)
at java.base/java.lang.reflect.Constructor.newInstance(Constructor.java:486)
at org.openqa.selenium.remote.ErrorCodec.decode(ErrorCodec.java:167)
at org.openqa.selenium.remote.codec.w3c.W3CHttpResponseCodec.decode(W3CHttpResponseCodec.java:138)
at org.openqa.selenium.remote.codec.w3c.W3CHttpResponseCodec.decode(W3CHttpResponseCodec.java:50)
at org.openqa.selenium.remote.HttpCommandExecutor.execute(HttpCommandExecutor.java:215)
at org.openqa.selenium.remote.service.DriverCommandExecutor.invokeExecute(DriverCommandExecutor.java:216)
at org.openqa.selenium.remote.service.DriverCommandExecutor.execute(DriverCommandExecutor.java:174)
at org.openqa.selenium.remote.RemoteWebDriver.execute(RemoteWebDriver.java:545)
at org.openqa.selenium.remote.RemoteWebElement.execute(RemoteWebElement.java:223)
at org.openqa.selenium.remote.RemoteWebElement.getText(RemoteWebElement.java:191)
at java.base/jdk.internal.reflect.DirectMethodHandleAccessor.invoke(DirectMethodHandleAccessor.java:103)
at java.base/java.lang.reflect.Method.invoke(Method.java:580)
at org.openqa.selenium.support.pagefactory.internal.LocatingElementHandler.invoke(LocatingElementHandler.java:51)
at jdk.proxy2/jdk.proxy2.$Proxy19.getText(Unknown Source)
at pages.SelectHotelPage.WelcomeMenu(SelectHotelPage.java:29)
at tests.TC_006SelectHotelstest.BookingHotelsTest(TC_006SelectHotelstest.java:43)
at java.base/jdk.internal.reflect.DirectMethodHandleAccessor.invoke(DirectMethodHandleAccessor.java:103)
at java.base/java.lang.reflect.Method.invoke(Method.java:580)
at org.testng.internal.invokers.MethodInvocationHelper.invokeMethod(MethodInvocationHelper.java:141)
at org.testng.internal.invokers.TestInvoker.invokeMethod(TestInvoker.java:687)
at org.testng.internal.invokers.TestInvoker.invokeTestMethod(TestInvoker.java:230)
at org.testng.internal.invokers.MethodRunner.runInSequence(MethodRunner.java:63)
at org.testng.internal.invokers.TestInvoker$MethodInvocationAgent.invoke(TestInvoker.java:995)
at org.testng.internal.invokers.TestInvoker.invokeTestMethods(TestInvoker.java:203)
at org.testng.internal.invokers.TestMethodWorker.invokeTestMethods(TestMethodWorker.java:154)
at org.testng.internal.invokers.TestMethodWorker.run(TestMethodWorker.java:134)
at java.base/java.util.ArrayList.forEach(ArrayList.java:1596)
at org.testng.TestRunner.privateRun(TestRunner.java:741)
at org.testng.TestRunner.run(TestRunner.java:616)
at org.testng.SuiteRunner.runTest(SuiteRunner.java:421)
at org.testng.SuiteRunner.runSequentially(SuiteRunner.java:413)
at org.testng.SuiteRunner.privateRun(SuiteRunner.java:373)
at org.testng.SuiteRunner.run(SuiteRunner.java:312)
at org.testng.SuiteRunnerWorker.runSuite(SuiteRunnerWorker.java:52)
at org.testng.SuiteRunnerWorker.run(SuiteRunnerWorker.java:95)
at org.testng.TestNG.runSuitesSequentially(TestNG.java:1274)
at org.testng.TestNG.runSuitesLocally(TestNG.java:1208)
at org.testng.TestNG.runSuites(TestNG.java:1112)
at org.testng.TestNG.run(TestNG.java:1079)
at org.testng.remote.AbstractRemoteTestNG.run(AbstractRemoteTestNG.java:115)
at org.testng.remote.RemoteTestNG.initAndRun(RemoteTestNG.java:293)
at org.testng.remote.RemoteTestNG.main(RemoteTestNG.java:91)
]]>
            </full-stacktrace>
          </exception> <!-- org.openqa.selenium.StaleElementReferenceException -->
          <reporter-output>
          </reporter-output>
        </test-method> <!-- BookingHotelsTest -->
        <test-method is-config="true" signature="closingBrowser()[pri:0, instance:tests.TC_006SelectHotelstest@6ad82709]" started-at="2025-04-29T11:11:55 IST" name="closingBrowser" finished-at="2025-04-29T11:11:55 IST" duration-ms="32" status="PASS">
          <reporter-output>
          </reporter-output>
        </test-method> <!-- closingBrowser -->
        <test-method is-config="true" signature="LauchingAndLoadingURL()[pri:0, instance:tests.TC_006SelectHotelstest@6ad82709]" started-at="2025-04-29T11:11:55 IST" name="LauchingAndLoadingURL" finished-at="2025-04-29T11:11:57 IST" duration-ms="1859" status="PASS">
          <reporter-output>
          </reporter-output>
        </test-method> <!-- LauchingAndLoadingURL -->
        <test-method signature="BookingHotelsTest(java.lang.String,java.lang.String,java.lang.String,java.lang.String,java.lang.String,java.lang.String,java.lang.String,java.lang.String,java.lang.String,java.lang.String)[pri:0, instance:tests.TC_006SelectHotelstest@6ad82709]" started-at="2025-04-29T11:11:57 IST" name="BookingHotelsTest" data-provider="readData" finished-at="2025-04-29T11:11:58 IST" duration-ms="1378" status="FAIL">
          <params>
            <param index="0">
              <value>
                <![CDATA[RamAdmin1]]>
              </value>
            </param>
            <param index="1">
              <value>
                <![CDATA[Ram@1234]]>
              </value>
            </param>
            <param index="2">
              <value>
                <![CDATA[26-04-2025]]>
              </value>
            </param>
            <param index="3">
              <value>
                <![CDATA[27-04-2025]]>
              </value>
            </param>
            <param index="4">
              <value>
                <![CDATA[Sivasankaran]]>
              </value>
            </param>
            <param index="5">
              <value>
                <![CDATA[Karunamurthy]]>
              </value>
            </param>
            <param index="6">
              <value>
                <![CDATA[Salem]]>
              </value>
            </param>
            <param index="7">
              <value>
                <![CDATA[5642239548751548]]>
              </value>
            </param>
            <param index="8">
              <value>
                <![CDATA[456]]>
              </value>
            </param>
            <param index="9">
              <value>
                <![CDATA[FourthBooking]]>
              </value>
            </param>
          </params>
          <exception class="org.openqa.selenium.StaleElementReferenceException">
            <message>
              <![CDATA[stale element reference: stale element not found
  (Session info: chrome=135.0.7049.115)
For documentation on this error, please visit: https://www.selenium.dev/documentation/webdriver/troubleshooting/errors#stale-element-reference-exception
Build info: version: '4.31.0', revision: '1ef9f18787*'
System info: os.name: 'Windows 10', os.arch: 'amd64', os.version: '10.0', java.version: '21.0.6'
Driver info: org.openqa.selenium.chrome.ChromeDriver
Command: [f2416895dd928ce2bcfb38135e89900f, getElementText {id=f.317ECC64969FD3E47988C1E3D176E3D5.d.D70470190FDE88827B8660F81EB08575.e.76}]
Capabilities {acceptInsecureCerts: false, browserName: chrome, browserVersion: 135.0.7049.115, chrome: {chromedriverVersion: 135.0.7049.114 (63fd8a7d9d0..., userDataDir: C:\Users\ADMIN\AppData\Loca...}, fedcm:accounts: true, goog:chromeOptions: {debuggerAddress: localhost:63818}, networkConnectionEnabled: false, pageLoadStrategy: normal, platformName: windows, proxy: Proxy(), se:cdp: ws://localhost:63818/devtoo..., se:cdpVersion: 135.0.7049.115, setWindowRect: true, strictFileInteractability: false, timeouts: {implicit: 0, pageLoad: 300000, script: 30000}, unhandledPromptBehavior: dismiss and notify, webauthn:extension:credBlob: true, webauthn:extension:largeBlob: true, webauthn:extension:minPinLength: true, webauthn:extension:prf: true, webauthn:virtualAuthenticators: true}
Element: [[ChromeDriver: chrome on windows (f2416895dd928ce2bcfb38135e89900f)] -> xpath: (//td[@class='welcome_menu'])[1]]
Session ID: f2416895dd928ce2bcfb38135e89900f]]>
            </message>
            <full-stacktrace>
              <![CDATA[org.openqa.selenium.StaleElementReferenceException: stale element reference: stale element not found
  (Session info: chrome=135.0.7049.115)
For documentation on this error, please visit: https://www.selenium.dev/documentation/webdriver/troubleshooting/errors#stale-element-reference-exception
Build info: version: '4.31.0', revision: '1ef9f18787*'
System info: os.name: 'Windows 10', os.arch: 'amd64', os.version: '10.0', java.version: '21.0.6'
Driver info: org.openqa.selenium.chrome.ChromeDriver
Command: [f2416895dd928ce2bcfb38135e89900f, getElementText {id=f.317ECC64969FD3E47988C1E3D176E3D5.d.D70470190FDE88827B8660F81EB08575.e.76}]
Capabilities {acceptInsecureCerts: false, browserName: chrome, browserVersion: 135.0.7049.115, chrome: {chromedriverVersion: 135.0.7049.114 (63fd8a7d9d0..., userDataDir: C:\Users\ADMIN\AppData\Loca...}, fedcm:accounts: true, goog:chromeOptions: {debuggerAddress: localhost:63818}, networkConnectionEnabled: false, pageLoadStrategy: normal, platformName: windows, proxy: Proxy(), se:cdp: ws://localhost:63818/devtoo..., se:cdpVersion: 135.0.7049.115, setWindowRect: true, strictFileInteractability: false, timeouts: {implicit: 0, pageLoad: 300000, script: 30000}, unhandledPromptBehavior: dismiss and notify, webauthn:extension:credBlob: true, webauthn:extension:largeBlob: true, webauthn:extension:minPinLength: true, webauthn:extension:prf: true, webauthn:virtualAuthenticators: true}
Element: [[ChromeDriver: chrome on windows (f2416895dd928ce2bcfb38135e89900f)] -> xpath: (//td[@class='welcome_menu'])[1]]
Session ID: f2416895dd928ce2bcfb38135e89900f
at java.base/jdk.internal.reflect.DirectConstructorHandleAccessor.newInstance(DirectConstructorHandleAccessor.java:62)
at java.base/java.lang.reflect.Constructor.newInstanceWithCaller(Constructor.java:502)
at java.base/java.lang.reflect.Constructor.newInstance(Constructor.java:486)
at org.openqa.selenium.remote.ErrorCodec.decode(ErrorCodec.java:167)
at org.openqa.selenium.remote.codec.w3c.W3CHttpResponseCodec.decode(W3CHttpResponseCodec.java:138)
at org.openqa.selenium.remote.codec.w3c.W3CHttpResponseCodec.decode(W3CHttpResponseCodec.java:50)
at org.openqa.selenium.remote.HttpCommandExecutor.execute(HttpCommandExecutor.java:215)
at org.openqa.selenium.remote.service.DriverCommandExecutor.invokeExecute(DriverCommandExecutor.java:216)
at org.openqa.selenium.remote.service.DriverCommandExecutor.execute(DriverCommandExecutor.java:174)
at org.openqa.selenium.remote.RemoteWebDriver.execute(RemoteWebDriver.java:545)
at org.openqa.selenium.remote.RemoteWebElement.execute(RemoteWebElement.java:223)
at org.openqa.selenium.remote.RemoteWebElement.getText(RemoteWebElement.java:191)
at java.base/jdk.internal.reflect.DirectMethodHandleAccessor.invoke(DirectMethodHandleAccessor.java:103)
at java.base/java.lang.reflect.Method.invoke(Method.java:580)
at org.openqa.selenium.support.pagefactory.internal.LocatingElementHandler.invoke(LocatingElementHandler.java:51)
at jdk.proxy2/jdk.proxy2.$Proxy19.getText(Unknown Source)
at pages.SelectHotelPage.WelcomeMenu(SelectHotelPage.java:29)
at tests.TC_006SelectHotelstest.BookingHotelsTest(TC_006SelectHotelstest.java:43)
at java.base/jdk.internal.reflect.DirectMethodHandleAccessor.invoke(DirectMethodHandleAccessor.java:103)
at java.base/java.lang.reflect.Method.invoke(Method.java:580)
at org.testng.internal.invokers.MethodInvocationHelper.invokeMethod(MethodInvocationHelper.java:141)
at org.testng.internal.invokers.TestInvoker.invokeMethod(TestInvoker.java:687)
at org.testng.internal.invokers.TestInvoker.invokeTestMethod(TestInvoker.java:230)
at org.testng.internal.invokers.MethodRunner.runInSequence(MethodRunner.java:63)
at org.testng.internal.invokers.TestInvoker$MethodInvocationAgent.invoke(TestInvoker.java:995)
at org.testng.internal.invokers.TestInvoker.invokeTestMethods(TestInvoker.java:203)
at org.testng.internal.invokers.TestMethodWorker.invokeTestMethods(TestMethodWorker.java:154)
at org.testng.internal.invokers.TestMethodWorker.run(TestMethodWorker.java:134)
at java.base/java.util.ArrayList.forEach(ArrayList.java:1596)
at org.testng.TestRunner.privateRun(TestRunner.java:741)
at org.testng.TestRunner.run(TestRunner.java:616)
at org.testng.SuiteRunner.runTest(SuiteRunner.java:421)
at org.testng.SuiteRunner.runSequentially(SuiteRunner.java:413)
at org.testng.SuiteRunner.privateRun(SuiteRunner.java:373)
at org.testng.SuiteRunner.run(SuiteRunner.java:312)
at org.testng.SuiteRunnerWorker.runSuite(SuiteRunnerWorker.java:52)
at org.testng.SuiteRunnerWorker.run(SuiteRunnerWorker.java:95)
at org.testng.TestNG.runSuitesSequentially(TestNG.java:1274)
at org.testng.TestNG.runSuitesLocally(TestNG.java:1208)
at org.testng.TestNG.runSuites(TestNG.java:1112)
at org.testng.TestNG.run(TestNG.java:1079)
at org.testng.remote.AbstractRemoteTestNG.run(AbstractRemoteTestNG.java:115)
at org.testng.remote.RemoteTestNG.initAndRun(RemoteTestNG.java:293)
at org.testng.remote.RemoteTestNG.main(RemoteTestNG.java:91)
]]>
            </full-stacktrace>
          </exception> <!-- org.openqa.selenium.StaleElementReferenceException -->
          <reporter-output>
          </reporter-output>
        </test-method> <!-- BookingHotelsTest -->
        <test-method is-config="true" signature="closingBrowser()[pri:0, instance:tests.TC_006SelectHotelstest@6ad82709]" started-at="2025-04-29T11:11:58 IST" name="closingBrowser" finished-at="2025-04-29T11:11:58 IST" duration-ms="37" status="PASS">
          <reporter-output>
          </reporter-output>
        </test-method> <!-- closingBrowser -->
      </class> <!-- tests.TC_006SelectHotelstest -->
      <class name="tests.TC_011HomeContentTest">
        <test-method is-config="true" signature="setup()[pri:0, instance:tests.TC_011HomeContentTest@b2c9a9c]" started-at="2025-04-29T11:07:35 IST" name="setup" finished-at="2025-04-29T11:07:35 IST" duration-ms="0" status="PASS">
          <reporter-output>
          </reporter-output>
        </test-method> <!-- setup -->
        <test-method is-config="true" signature="testDetails()[pri:0, instance:tests.TC_011HomeContentTest@b2c9a9c]" started-at="2025-04-29T11:14:18 IST" name="testDetails" finished-at="2025-04-29T11:14:18 IST" duration-ms="0" status="PASS">
          <reporter-output>
          </reporter-output>
        </test-method> <!-- testDetails -->
        <test-method is-config="true" signature="LauchingAndLoadingURL()[pri:0, instance:tests.TC_011HomeContentTest@b2c9a9c]" started-at="2025-04-29T11:14:18 IST" name="LauchingAndLoadingURL" finished-at="2025-04-29T11:14:20 IST" duration-ms="1865" status="PASS">
          <reporter-output>
          </reporter-output>
        </test-method> <!-- LauchingAndLoadingURL -->
        <test-method signature="HomeContentTest()[pri:0, instance:tests.TC_011HomeContentTest@b2c9a9c]" started-at="2025-04-29T11:14:20 IST" name="HomeContentTest" finished-at="2025-04-29T11:14:21 IST" duration-ms="166" status="PASS">
          <reporter-output>
          </reporter-output>
        </test-method> <!-- HomeContentTest -->
        <test-method is-config="true" signature="closingBrowser()[pri:0, instance:tests.TC_011HomeContentTest@b2c9a9c]" started-at="2025-04-29T11:14:21 IST" name="closingBrowser" finished-at="2025-04-29T11:14:21 IST" duration-ms="79" status="PASS">
          <reporter-output>
          </reporter-output>
        </test-method> <!-- closingBrowser -->
      </class> <!-- tests.TC_011HomeContentTest -->
      <class name="tests.TC_008ChangePasswordTest">
        <test-method is-config="true" signature="setup()[pri:0, instance:tests.TC_008ChangePasswordTest@7817fd62]" started-at="2025-04-29T11:07:35 IST" name="setup" finished-at="2025-04-29T11:07:35 IST" duration-ms="0" status="PASS">
          <reporter-output>
          </reporter-output>
        </test-method> <!-- setup -->
        <test-method is-config="true" signature="testDetails()[pri:0, instance:tests.TC_008ChangePasswordTest@7817fd62]" started-at="2025-04-29T11:12:01 IST" name="testDetails" finished-at="2025-04-29T11:12:01 IST" duration-ms="0" status="PASS">
          <reporter-output>
          </reporter-output>
        </test-method> <!-- testDetails -->
        <test-method is-config="true" signature="LauchingAndLoadingURL()[pri:0, instance:tests.TC_008ChangePasswordTest@7817fd62]" started-at="2025-04-29T11:12:01 IST" name="LauchingAndLoadingURL" finished-at="2025-04-29T11:12:03 IST" duration-ms="1862" status="PASS">
          <reporter-output>
          </reporter-output>
        </test-method> <!-- LauchingAndLoadingURL -->
        <test-method signature="ChangePassword(java.lang.String,java.lang.String,java.lang.String,java.lang.String,java.lang.String)[pri:0, instance:tests.TC_008ChangePasswordTest@7817fd62]" started-at="2025-04-29T11:12:03 IST" name="ChangePassword" data-provider="readData" finished-at="2025-04-29T11:12:05 IST" duration-ms="1776" status="PASS">
          <params>
            <param index="0">
              <value>
                <![CDATA[RamAdmin1]]>
              </value>
            </param>
            <param index="1">
              <value>
                <![CDATA[Ram@1234]]>
              </value>
            </param>
            <param index="2">
              <value>
                <![CDATA[Ram@1234]]>
              </value>
            </param>
            <param index="3">
              <value>
                <![CDATA[Ram@1234]]>
              </value>
            </param>
            <param index="4">
              <value>
                <![CDATA[Ram@1234]]>
              </value>
            </param>
          </params>
          <reporter-output>
          </reporter-output>
        </test-method> <!-- ChangePassword -->
        <test-method is-config="true" signature="closingBrowser()[pri:0, instance:tests.TC_008ChangePasswordTest@7817fd62]" started-at="2025-04-29T11:12:05 IST" name="closingBrowser" finished-at="2025-04-29T11:12:05 IST" duration-ms="35" status="PASS">
          <reporter-output>
          </reporter-output>
        </test-method> <!-- closingBrowser -->
      </class> <!-- tests.TC_008ChangePasswordTest -->
      <class name="tests.TC_002InvalidRegisterData">
        <test-method is-config="true" signature="setup()[pri:0, instance:tests.TC_002InvalidRegisterData@710f4dc7]" started-at="2025-04-29T11:07:35 IST" name="setup" finished-at="2025-04-29T11:07:35 IST" duration-ms="0" status="PASS">
          <reporter-output>
          </reporter-output>
        </test-method> <!-- setup -->
        <test-method is-config="true" signature="testDetails()[pri:0, instance:tests.TC_002InvalidRegisterData@710f4dc7]" started-at="2025-04-29T11:08:34 IST" name="testDetails" finished-at="2025-04-29T11:08:34 IST" duration-ms="1" status="PASS">
          <reporter-output>
          </reporter-output>
        </test-method> <!-- testDetails -->
        <test-method is-config="true" signature="LauchingAndLoadingURL()[pri:0, instance:tests.TC_002InvalidRegisterData@710f4dc7]" started-at="2025-04-29T11:08:34 IST" name="LauchingAndLoadingURL" finished-at="2025-04-29T11:08:36 IST" duration-ms="1915" status="PASS">
          <reporter-output>
          </reporter-output>
        </test-method> <!-- LauchingAndLoadingURL -->
        <test-method signature="ValidRegisterTest(java.lang.String,java.lang.String,java.lang.String,java.lang.String,java.lang.String,java.lang.String,java.lang.String)[pri:0, instance:tests.TC_002InvalidRegisterData@710f4dc7]" started-at="2025-04-29T11:08:36 IST" name="ValidRegisterTest" data-provider="readData" finished-at="2025-04-29T11:09:07 IST" duration-ms="31062" status="PASS">
          <params>
            <param index="0">
              <value>
                <![CDATA[]]>
              </value>
            </param>
            <param index="1">
              <value>
                <![CDATA[Joyson@1352]]>
              </value>
            </param>
            <param index="2">
              <value>
                <![CDATA[Joyson@1352]]>
              </value>
            </param>
            <param index="3">
              <value>
                <![CDATA[Joyson Demetrius]]>
              </value>
            </param>
            <param index="4">
              <value>
                <![CDATA[joedemetriusr@gmail.com]]>
              </value>
            </param>
            <param index="5">
              <value>
                <![CDATA[UserNameisEmpty]]>
              </value>
            </param>
            <param index="6">
              <value>
                <![CDATA[Username is Empty]]>
              </value>
            </param>
          </params>
          <reporter-output>
          </reporter-output>
        </test-method> <!-- ValidRegisterTest -->
        <test-method is-config="true" signature="closingBrowser()[pri:0, instance:tests.TC_002InvalidRegisterData@710f4dc7]" started-at="2025-04-29T11:09:07 IST" name="closingBrowser" finished-at="2025-04-29T11:09:07 IST" duration-ms="35" status="PASS">
          <reporter-output>
          </reporter-output>
        </test-method> <!-- closingBrowser -->
        <test-method is-config="true" signature="LauchingAndLoadingURL()[pri:0, instance:tests.TC_002InvalidRegisterData@710f4dc7]" started-at="2025-04-29T11:09:07 IST" name="LauchingAndLoadingURL" finished-at="2025-04-29T11:09:09 IST" duration-ms="1912" status="PASS">
          <reporter-output>
          </reporter-output>
        </test-method> <!-- LauchingAndLoadingURL -->
        <test-method signature="ValidRegisterTest(java.lang.String,java.lang.String,java.lang.String,java.lang.String,java.lang.String,java.lang.String,java.lang.String)[pri:0, instance:tests.TC_002InvalidRegisterData@710f4dc7]" started-at="2025-04-29T11:09:09 IST" name="ValidRegisterTest" data-provider="readData" finished-at="2025-04-29T11:09:40 IST" duration-ms="31049" status="PASS">
          <params>
            <param index="0">
              <value>
                <![CDATA[Joyson1352]]>
              </value>
            </param>
            <param index="1">
              <value>
                <![CDATA[]]>
              </value>
            </param>
            <param index="2">
              <value>
                <![CDATA[Joyson@1352]]>
              </value>
            </param>
            <param index="3">
              <value>
                <![CDATA[Joyson Demetrius]]>
              </value>
            </param>
            <param index="4">
              <value>
                <![CDATA[joedemetriusr@gmail.com]]>
              </value>
            </param>
            <param index="5">
              <value>
                <![CDATA[PasswordIsEmpty]]>
              </value>
            </param>
            <param index="6">
              <value>
                <![CDATA[Password is Empty]]>
              </value>
            </param>
          </params>
          <reporter-output>
          </reporter-output>
        </test-method> <!-- ValidRegisterTest -->
        <test-method is-config="true" signature="closingBrowser()[pri:0, instance:tests.TC_002InvalidRegisterData@710f4dc7]" started-at="2025-04-29T11:09:40 IST" name="closingBrowser" finished-at="2025-04-29T11:09:40 IST" duration-ms="36" status="PASS">
          <reporter-output>
          </reporter-output>
        </test-method> <!-- closingBrowser -->
        <test-method is-config="true" signature="LauchingAndLoadingURL()[pri:0, instance:tests.TC_002InvalidRegisterData@710f4dc7]" started-at="2025-04-29T11:09:40 IST" name="LauchingAndLoadingURL" finished-at="2025-04-29T11:09:42 IST" duration-ms="1865" status="PASS">
          <reporter-output>
          </reporter-output>
        </test-method> <!-- LauchingAndLoadingURL -->
        <test-method signature="ValidRegisterTest(java.lang.String,java.lang.String,java.lang.String,java.lang.String,java.lang.String,java.lang.String,java.lang.String)[pri:0, instance:tests.TC_002InvalidRegisterData@710f4dc7]" started-at="2025-04-29T11:09:42 IST" name="ValidRegisterTest" data-provider="readData" finished-at="2025-04-29T11:10:13 IST" duration-ms="31043" status="PASS">
          <params>
            <param index="0">
              <value>
                <![CDATA[Joyson1352]]>
              </value>
            </param>
            <param index="1">
              <value>
                <![CDATA[Joyson@1352]]>
              </value>
            </param>
            <param index="2">
              <value>
                <![CDATA[Joyson]]>
              </value>
            </param>
            <param index="3">
              <value>
                <![CDATA[Joyson Demetrius]]>
              </value>
            </param>
            <param index="4">
              <value>
                <![CDATA[joedemetriusr@gmail.com]]>
              </value>
            </param>
            <param index="5">
              <value>
                <![CDATA[InvalidConfirmPassword]]>
              </value>
            </param>
            <param index="6">
              <value>
                <![CDATA[Passwords Do Not Match]]>
              </value>
            </param>
          </params>
          <reporter-output>
          </reporter-output>
        </test-method> <!-- ValidRegisterTest -->
        <test-method is-config="true" signature="closingBrowser()[pri:0, instance:tests.TC_002InvalidRegisterData@710f4dc7]" started-at="2025-04-29T11:10:13 IST" name="closingBrowser" finished-at="2025-04-29T11:10:13 IST" duration-ms="43" status="PASS">
          <reporter-output>
          </reporter-output>
        </test-method> <!-- closingBrowser -->
        <test-method is-config="true" signature="LauchingAndLoadingURL()[pri:0, instance:tests.TC_002InvalidRegisterData@710f4dc7]" started-at="2025-04-29T11:10:13 IST" name="LauchingAndLoadingURL" finished-at="2025-04-29T11:10:15 IST" duration-ms="1796" status="PASS">
          <reporter-output>
          </reporter-output>
        </test-method> <!-- LauchingAndLoadingURL -->
        <test-method signature="ValidRegisterTest(java.lang.String,java.lang.String,java.lang.String,java.lang.String,java.lang.String,java.lang.String,java.lang.String)[pri:0, instance:tests.TC_002InvalidRegisterData@710f4dc7]" started-at="2025-04-29T11:10:15 IST" name="ValidRegisterTest" data-provider="readData" finished-at="2025-04-29T11:10:45 IST" duration-ms="30874" status="PASS">
          <params>
            <param index="0">
              <value>
                <![CDATA[Joyson1352]]>
              </value>
            </param>
            <param index="1">
              <value>
                <![CDATA[Joyson@1352]]>
              </value>
            </param>
            <param index="2">
              <value>
                <![CDATA[Joyson@1352]]>
              </value>
            </param>
            <param index="3">
              <value>
                <![CDATA[]]>
              </value>
            </param>
            <param index="4">
              <value>
                <![CDATA[joedemetriusr@gmail.com]]>
              </value>
            </param>
            <param index="5">
              <value>
                <![CDATA[FullNameIsEmpty]]>
              </value>
            </param>
            <param index="6">
              <value>
                <![CDATA[Full Name is Empty]]>
              </value>
            </param>
          </params>
          <reporter-output>
          </reporter-output>
        </test-method> <!-- ValidRegisterTest -->
        <test-method is-config="true" signature="closingBrowser()[pri:0, instance:tests.TC_002InvalidRegisterData@710f4dc7]" started-at="2025-04-29T11:10:45 IST" name="closingBrowser" finished-at="2025-04-29T11:10:46 IST" duration-ms="33" status="PASS">
          <reporter-output>
          </reporter-output>
        </test-method> <!-- closingBrowser -->
        <test-method is-config="true" signature="LauchingAndLoadingURL()[pri:0, instance:tests.TC_002InvalidRegisterData@710f4dc7]" started-at="2025-04-29T11:10:46 IST" name="LauchingAndLoadingURL" finished-at="2025-04-29T11:10:47 IST" duration-ms="1899" status="PASS">
          <reporter-output>
          </reporter-output>
        </test-method> <!-- LauchingAndLoadingURL -->
        <test-method signature="ValidRegisterTest(java.lang.String,java.lang.String,java.lang.String,java.lang.String,java.lang.String,java.lang.String,java.lang.String)[pri:0, instance:tests.TC_002InvalidRegisterData@710f4dc7]" started-at="2025-04-29T11:10:47 IST" name="ValidRegisterTest" data-provider="readData" finished-at="2025-04-29T11:11:18 IST" duration-ms="30982" status="PASS">
          <params>
            <param index="0">
              <value>
                <![CDATA[Joyson1352]]>
              </value>
            </param>
            <param index="1">
              <value>
                <![CDATA[Joyson@1352]]>
              </value>
            </param>
            <param index="2">
              <value>
                <![CDATA[Joyson@1352]]>
              </value>
            </param>
            <param index="3">
              <value>
                <![CDATA[Joyson Demetrius]]>
              </value>
            </param>
            <param index="4">
              <value>
                <![CDATA[joedemetriusr]]>
              </value>
            </param>
            <param index="5">
              <value>
                <![CDATA[IvalidEmailId]]>
              </value>
            </param>
            <param index="6">
              <value>
                <![CDATA[Invalid email, Please enter correct email.]]>
              </value>
            </param>
          </params>
          <reporter-output>
          </reporter-output>
        </test-method> <!-- ValidRegisterTest -->
        <test-method is-config="true" signature="closingBrowser()[pri:0, instance:tests.TC_002InvalidRegisterData@710f4dc7]" started-at="2025-04-29T11:11:18 IST" name="closingBrowser" finished-at="2025-04-29T11:11:18 IST" duration-ms="89" status="PASS">
          <reporter-output>
          </reporter-output>
        </test-method> <!-- closingBrowser -->
      </class> <!-- tests.TC_002InvalidRegisterData -->
      <class name="tests.TC_001RegisterTest">
        <test-method is-config="true" signature="reportIniatialization()[pri:0, instance:tests.TC_001RegisterTest@2a5c8d3f]" started-at="2025-04-29T11:07:35 IST" name="reportIniatialization" finished-at="2025-04-29T11:07:35 IST" duration-ms="305" status="PASS">
          <reporter-output>
          </reporter-output>
        </test-method> <!-- reportIniatialization -->
        <test-method is-config="true" signature="setup()[pri:0, instance:tests.TC_001RegisterTest@2a5c8d3f]" started-at="2025-04-29T11:07:35 IST" name="setup" finished-at="2025-04-29T11:07:35 IST" duration-ms="0" status="PASS">
          <reporter-output>
          </reporter-output>
        </test-method> <!-- setup -->
        <test-method is-config="true" signature="testDetails()[pri:0, instance:tests.TC_001RegisterTest@2a5c8d3f]" started-at="2025-04-29T11:07:35 IST" name="testDetails" finished-at="2025-04-29T11:07:35 IST" duration-ms="6" status="PASS">
          <reporter-output>
          </reporter-output>
        </test-method> <!-- testDetails -->
        <test-method is-config="true" signature="LauchingAndLoadingURL()[pri:0, instance:tests.TC_001RegisterTest@2a5c8d3f]" started-at="2025-04-29T11:07:36 IST" name="LauchingAndLoadingURL" finished-at="2025-04-29T11:07:39 IST" duration-ms="2376" status="PASS">
          <reporter-output>
          </reporter-output>
        </test-method> <!-- LauchingAndLoadingURL -->
        <test-method signature="ValidRegisterTest(java.lang.String,java.lang.String,java.lang.String,java.lang.String,java.lang.String)[pri:0, instance:tests.TC_001RegisterTest@2a5c8d3f]" started-at="2025-04-29T11:07:39 IST" name="ValidRegisterTest" data-provider="readData" finished-at="2025-04-29T11:08:34 IST" duration-ms="55104" status="PASS">
          <params>
            <param index="0">
              <value>
                <![CDATA[Joyson007]]>
              </value>
            </param>
            <param index="1">
              <value>
                <![CDATA[Joyson@1352]]>
              </value>
            </param>
            <param index="2">
              <value>
                <![CDATA[Joyson@1352]]>
              </value>
            </param>
            <param index="3">
              <value>
                <![CDATA[Joyson Demetrius]]>
              </value>
            </param>
            <param index="4">
              <value>
                <![CDATA[Joyson008@gmail.com]]>
              </value>
            </param>
          </params>
          <reporter-output>
          </reporter-output>
        </test-method> <!-- ValidRegisterTest -->
        <test-method is-config="true" signature="closingBrowser()[pri:0, instance:tests.TC_001RegisterTest@2a5c8d3f]" started-at="2025-04-29T11:08:34 IST" name="closingBrowser" finished-at="2025-04-29T11:08:34 IST" duration-ms="40" status="PASS">
          <reporter-output>
          </reporter-output>
        </test-method> <!-- closingBrowser -->
        <test-method is-config="true" signature="closeReport()[pri:0, instance:tests.TC_001RegisterTest@2a5c8d3f]" started-at="2025-04-29T11:14:21 IST" name="closeReport" finished-at="2025-04-29T11:14:21 IST" duration-ms="274" status="PASS">
          <reporter-output>
          </reporter-output>
        </test-method> <!-- closeReport -->
      </class> <!-- tests.TC_001RegisterTest -->
    </test> <!-- Test -->
  </suite> <!-- Suite -->
</testng-results>
